<?xml version="1.0" encoding="utf-8"?>
<CoverageSession xmlns:xsd="http://www.w3.org/2001/XMLSchema" xmlns:xsi="http://www.w3.org/2001/XMLSchema-instance">
  <Summary numSequencePoints="337" visitedSequencePoints="182" numBranchPoints="185" visitedBranchPoints="61" sequenceCoverage="54.01" branchCoverage="32.97" maxCyclomaticComplexity="41" minCyclomaticComplexity="1" visitedClasses="2" numClasses="4" visitedMethods="23" numMethods="36" />
  <Modules>
    <Module skippedDueTo="Filter" hash="7F-4E-EA-3B-6F-54-D3-91-5E-FE-62-68-9E-42-98-12-3C-7D-D8-12">
      <ModulePath>C:\WINDOWS\Microsoft.Net\assembly\GAC_64\mscorlib\v4.0_4.0.0.0__b77a5c561934e089\mscorlib.dll</ModulePath>
      <ModuleTime>2016-07-16T11:43:57.1242712Z</ModuleTime>
      <ModuleName>mscorlib</ModuleName>
      <Classes />
    </Module>
    <Module skippedDueTo="MissingPdb" hash="36-DA-C9-14-56-26-60-F9-D2-E5-48-FA-0D-E8-06-9E-0B-A7-60-96">
      <ModulePath>D:\Code\compiler\compiler\packages\NUnit.ConsoleRunner.3.6.0\tools\nunit3-console.exe</ModulePath>
      <ModuleTime>2017-01-15T01:50:34Z</ModuleTime>
      <ModuleName>nunit3-console</ModuleName>
      <Classes />
    </Module>
    <Module skippedDueTo="Filter" hash="2F-06-CB-9E-45-EB-3F-7A-7A-0E-09-BA-75-25-0C-EF-AA-90-8E-2B">
      <ModulePath>C:\WINDOWS\Microsoft.Net\assembly\GAC_MSIL\System\v4.0_4.0.0.0__b77a5c561934e089\System.dll</ModulePath>
      <ModuleTime>2016-07-16T11:43:55.5461496Z</ModuleTime>
      <ModuleName>System</ModuleName>
      <Classes />
    </Module>
    <Module skippedDueTo="MissingPdb" hash="75-F9-05-10-1C-B9-7B-C1-01-D6-98-7E-4B-DF-1D-61-E9-C1-AE-FF">
      <ModulePath>D:\Code\compiler\compiler\packages\NUnit.ConsoleRunner.3.6.0\tools\nunit.engine.api.dll</ModulePath>
      <ModuleTime>2017-01-15T01:50:34Z</ModuleTime>
      <ModuleName>nunit.engine.api</ModuleName>
      <Classes />
    </Module>
    <Module skippedDueTo="MissingPdb" hash="EA-8F-74-A7-D0-EB-83-48-84-E6-88-AB-86-78-E2-32-3B-75-51-03">
      <ModulePath>D:\Code\compiler\compiler\packages\NUnit.ConsoleRunner.3.6.0\tools\nunit.engine.dll</ModulePath>
      <ModuleTime>2017-01-15T01:50:34Z</ModuleTime>
      <ModuleName>nunit.engine</ModuleName>
      <Classes />
    </Module>
    <Module skippedDueTo="MissingPdb" hash="EA-8F-74-A7-D0-EB-83-48-84-E6-88-AB-86-78-E2-32-3B-75-51-03">
      <ModulePath>D:\Code\compiler\compiler\packages\NUnit.ConsoleRunner.3.6.0\tools\nunit.engine.dll</ModulePath>
      <ModuleTime>2017-01-15T01:50:34Z</ModuleTime>
      <ModuleName>nunit.engine</ModuleName>
      <Classes />
    </Module>
    <Module skippedDueTo="Filter" hash="88-45-F0-9C-3C-9F-72-79-CB-6A-82-FA-D7-DB-C3-4A-59-80-3C-6B">
      <ModulePath>C:\WINDOWS\Microsoft.Net\assembly\GAC_MSIL\System.Xml\v4.0_4.0.0.0__b77a5c561934e089\System.Xml.dll</ModulePath>
      <ModuleTime>2016-07-16T11:43:55.4992744Z</ModuleTime>
      <ModuleName>System.Xml</ModuleName>
      <Classes />
    </Module>
    <Module skippedDueTo="Filter" hash="55-AD-EE-D1-1C-53-49-75-E3-88-58-79-CF-B4-C2-5D-9B-C6-56-C1">
      <ModulePath>C:\WINDOWS\Microsoft.Net\assembly\GAC_64\System.Web\v4.0_4.0.0.0__b03f5f7f11d50a3a\System.Web.dll</ModulePath>
      <ModuleTime>2016-07-16T11:43:59.421142Z</ModuleTime>
      <ModuleName>System.Web</ModuleName>
      <Classes />
    </Module>
    <Module skippedDueTo="MissingPdb" hash="8A-2E-8F-D6-9D-39-02-4A-2F-30-FC-06-42-F7-0F-A8-32-69-07-72">
      <ModulePath>D:\Code\compiler\compiler\packages\NUnit.ConsoleRunner.3.6.0\tools\Mono.Cecil.dll</ModulePath>
      <ModuleTime>2017-01-15T01:50:34Z</ModuleTime>
      <ModuleName>Mono.Cecil</ModuleName>
      <Classes />
    </Module>
    <Module skippedDueTo="Filter" hash="A6-44-D7-5C-2C-AA-24-6D-2E-64-A4-48-13-C2-22-F5-E4-2D-CE-96">
      <ModulePath>C:\WINDOWS\Microsoft.Net\assembly\GAC_MSIL\System.Runtime.Remoting\v4.0_4.0.0.0__b77a5c561934e089\System.Runtime.Remoting.dll</ModulePath>
      <ModuleTime>2016-07-16T11:43:55.4680251Z</ModuleTime>
      <ModuleName>System.Runtime.Remoting</ModuleName>
      <Classes />
    </Module>
    <Module skippedDueTo="Filter" hash="34-A3-5D-67-8E-E7-DB-60-FE-97-F3-BD-D4-E7-40-6B-00-DA-51-C8">
      <ModulePath>C:\WINDOWS\Microsoft.Net\assembly\GAC_MSIL\System.Configuration\v4.0_4.0.0.0__b03f5f7f11d50a3a\System.Configuration.dll</ModulePath>
      <ModuleTime>2016-07-16T11:43:53.9992781Z</ModuleTime>
      <ModuleName>System.Configuration</ModuleName>
      <Classes />
    </Module>
    <Module skippedDueTo="Filter" hash="7F-4E-EA-3B-6F-54-D3-91-5E-FE-62-68-9E-42-98-12-3C-7D-D8-12">
      <ModulePath>C:\WINDOWS\Microsoft.Net\assembly\GAC_64\mscorlib\v4.0_4.0.0.0__b77a5c561934e089\mscorlib.dll</ModulePath>
      <ModuleTime>2016-07-16T11:43:57.1242712Z</ModuleTime>
      <ModuleName>mscorlib</ModuleName>
      <Classes />
    </Module>
    <Module skippedDueTo="MissingPdb" hash="3A-86-9C-58-4F-41-41-99-62-6C-3F-CD-EC-47-58-C3-ED-0D-B6-24">
      <ModulePath>D:\Code\compiler\compiler\packages\NUnit.ConsoleRunner.3.6.0\tools\nunit-agent.exe</ModulePath>
      <ModuleTime>2017-01-15T01:50:34Z</ModuleTime>
      <ModuleName>nunit-agent</ModuleName>
      <Classes />
    </Module>
    <Module skippedDueTo="MissingPdb" hash="EA-8F-74-A7-D0-EB-83-48-84-E6-88-AB-86-78-E2-32-3B-75-51-03">
      <ModulePath>D:\Code\compiler\compiler\packages\NUnit.ConsoleRunner.3.6.0\tools\nunit.engine.dll</ModulePath>
      <ModuleTime>2017-01-15T01:50:34Z</ModuleTime>
      <ModuleName>nunit.engine</ModuleName>
      <Classes />
    </Module>
    <Module skippedDueTo="MissingPdb" hash="75-F9-05-10-1C-B9-7B-C1-01-D6-98-7E-4B-DF-1D-61-E9-C1-AE-FF">
      <ModulePath>D:\Code\compiler\compiler\packages\NUnit.ConsoleRunner.3.6.0\tools\nunit.engine.api.dll</ModulePath>
      <ModuleTime>2017-01-15T01:50:34Z</ModuleTime>
      <ModuleName>nunit.engine.api</ModuleName>
      <Classes />
    </Module>
    <Module skippedDueTo="Filter" hash="2F-06-CB-9E-45-EB-3F-7A-7A-0E-09-BA-75-25-0C-EF-AA-90-8E-2B">
      <ModulePath>C:\WINDOWS\Microsoft.Net\assembly\GAC_MSIL\System\v4.0_4.0.0.0__b77a5c561934e089\System.dll</ModulePath>
      <ModuleTime>2016-07-16T11:43:55.5461496Z</ModuleTime>
      <ModuleName>System</ModuleName>
      <Classes />
    </Module>
    <Module skippedDueTo="Filter" hash="A6-44-D7-5C-2C-AA-24-6D-2E-64-A4-48-13-C2-22-F5-E4-2D-CE-96">
      <ModulePath>C:\WINDOWS\Microsoft.Net\assembly\GAC_MSIL\System.Runtime.Remoting\v4.0_4.0.0.0__b77a5c561934e089\System.Runtime.Remoting.dll</ModulePath>
      <ModuleTime>2016-07-16T11:43:55.4680251Z</ModuleTime>
      <ModuleName>System.Runtime.Remoting</ModuleName>
      <Classes />
    </Module>
    <Module skippedDueTo="Filter" hash="88-45-F0-9C-3C-9F-72-79-CB-6A-82-FA-D7-DB-C3-4A-59-80-3C-6B">
      <ModulePath>C:\WINDOWS\Microsoft.Net\assembly\GAC_MSIL\System.Xml\v4.0_4.0.0.0__b77a5c561934e089\System.Xml.dll</ModulePath>
      <ModuleTime>2016-07-16T11:43:55.4992744Z</ModuleTime>
      <ModuleName>System.Xml</ModuleName>
      <Classes />
    </Module>
    <Module skippedDueTo="Filter" hash="55-AD-EE-D1-1C-53-49-75-E3-88-58-79-CF-B4-C2-5D-9B-C6-56-C1">
      <ModulePath>C:\WINDOWS\Microsoft.Net\assembly\GAC_64\System.Web\v4.0_4.0.0.0__b03f5f7f11d50a3a\System.Web.dll</ModulePath>
      <ModuleTime>2016-07-16T11:43:59.421142Z</ModuleTime>
      <ModuleName>System.Web</ModuleName>
      <Classes />
    </Module>
    <Module skippedDueTo="MissingPdb" hash="8A-2E-8F-D6-9D-39-02-4A-2F-30-FC-06-42-F7-0F-A8-32-69-07-72">
      <ModulePath>D:\Code\compiler\compiler\packages\NUnit.ConsoleRunner.3.6.0\tools\Mono.Cecil.dll</ModulePath>
      <ModuleTime>2017-01-15T01:50:34Z</ModuleTime>
      <ModuleName>Mono.Cecil</ModuleName>
      <Classes />
    </Module>
    <Module skippedDueTo="Filter" hash="34-A3-5D-67-8E-E7-DB-60-FE-97-F3-BD-D4-E7-40-6B-00-DA-51-C8">
      <ModulePath>C:\WINDOWS\Microsoft.Net\assembly\GAC_MSIL\System.Configuration\v4.0_4.0.0.0__b03f5f7f11d50a3a\System.Configuration.dll</ModulePath>
      <ModuleTime>2016-07-16T11:43:53.9992781Z</ModuleTime>
      <ModuleName>System.Configuration</ModuleName>
      <Classes />
    </Module>
    <Module skippedDueTo="MissingPdb" hash="00-59-52-F7-F5-CD-AF-CB-91-80-2E-6C-08-2C-26-AC-3F-47-FE-65">
      <ModulePath>D:\Code\compiler\compiler\NUnit.Tests\bin\Debug\nunit.framework.dll</ModulePath>
      <ModuleTime>2015-12-02T05:51:20Z</ModuleTime>
      <ModuleName>nunit.framework</ModuleName>
      <Classes />
    </Module>
    <Module skippedDueTo="Filter" hash="2F-06-CB-9E-45-EB-3F-7A-7A-0E-09-BA-75-25-0C-EF-AA-90-8E-2B">
      <ModulePath>C:\WINDOWS\Microsoft.Net\assembly\GAC_MSIL\System\v4.0_4.0.0.0__b77a5c561934e089\System.dll</ModulePath>
      <ModuleTime>2016-07-16T11:43:55.5461496Z</ModuleTime>
      <ModuleName>System</ModuleName>
      <Classes />
    </Module>
    <Module skippedDueTo="Filter" hash="55-AD-EE-D1-1C-53-49-75-E3-88-58-79-CF-B4-C2-5D-9B-C6-56-C1">
      <ModulePath>C:\WINDOWS\Microsoft.Net\assembly\GAC_64\System.Web\v4.0_4.0.0.0__b03f5f7f11d50a3a\System.Web.dll</ModulePath>
      <ModuleTime>2016-07-16T11:43:59.421142Z</ModuleTime>
      <ModuleName>System.Web</ModuleName>
      <Classes />
    </Module>
    <Module hash="30-C5-B0-9D-4E-6F-1A-2F-42-DD-F0-D1-CE-B1-D7-6F-52-79-CE-17">
      <Summary numSequencePoints="0" visitedSequencePoints="0" numBranchPoints="0" visitedBranchPoints="0" sequenceCoverage="0" branchCoverage="0" maxCyclomaticComplexity="1" minCyclomaticComplexity="0" visitedClasses="0" numClasses="0" visitedMethods="0" numMethods="0" />
      <ModulePath>D:\Code\compiler\compiler\NUnit.Tests\bin\Debug\NUnit.Tests.dll</ModulePath>
      <ModuleTime>2017-01-21T08:49:42.6501784Z</ModuleTime>
      <ModuleName>NUnit.Tests</ModuleName>
      <Files>
        <File uid="1" fullPath="D:\Code\compiler\compiler\NUnit.Tests\Frontend\ParserTest.cs" />
        <File uid="2" fullPath="D:\Code\compiler\compiler\NUnit.Tests\Frontend\LexerTest.cs" />
      </Files>
      <Classes>
        <Class>
          <Summary numSequencePoints="0" visitedSequencePoints="0" numBranchPoints="0" visitedBranchPoints="0" sequenceCoverage="0" branchCoverage="0" maxCyclomaticComplexity="0" minCyclomaticComplexity="0" visitedClasses="0" numClasses="0" visitedMethods="0" numMethods="0" />
          <FullName>&lt;Module&gt;</FullName>
          <Methods />
        </Class>
        <Class>
          <Summary numSequencePoints="0" visitedSequencePoints="0" numBranchPoints="0" visitedBranchPoints="0" sequenceCoverage="0" branchCoverage="0" maxCyclomaticComplexity="1" minCyclomaticComplexity="1" visitedClasses="0" numClasses="0" visitedMethods="0" numMethods="0" />
          <FullName>compiler.frontend.test.ParserTest</FullName>
          <Methods>
            <Method skippedDueTo="File" visited="false" cyclomaticComplexity="1" nPathComplexity="0" sequenceCoverage="0" branchCoverage="0" isConstructor="false" isStatic="false" isGetter="false" isSetter="false">
              <MetadataToken>100663297</MetadataToken>
              <Name>System.Void compiler.frontend.test.ParserTest::TestMethod()</Name>
              <FileRef uid="1" />
              <SequencePoints />
              <BranchPoints />
            </Method>
            <Method visited="true" cyclomaticComplexity="1" nPathComplexity="0" sequenceCoverage="0" branchCoverage="0" isConstructor="true" isStatic="false" isGetter="false" isSetter="false">
              <Summary numSequencePoints="0" visitedSequencePoints="0" numBranchPoints="0" visitedBranchPoints="0" sequenceCoverage="0" branchCoverage="0" maxCyclomaticComplexity="1" minCyclomaticComplexity="1" visitedClasses="0" numClasses="0" visitedMethods="0" numMethods="0" />
              <MetadataToken>100663298</MetadataToken>
              <Name>System.Void compiler.frontend.test.ParserTest::.ctor()</Name>
              <SequencePoints />
              <BranchPoints />
              <MethodPoint vc="1" uspid="1" ordinal="0" offset="0" />
            </Method>
          </Methods>
        </Class>
        <Class>
          <Summary numSequencePoints="0" visitedSequencePoints="0" numBranchPoints="0" visitedBranchPoints="0" sequenceCoverage="0" branchCoverage="0" maxCyclomaticComplexity="1" minCyclomaticComplexity="1" visitedClasses="0" numClasses="0" visitedMethods="0" numMethods="0" />
          <FullName>NUnit.Tests.Frontend.LexerTest</FullName>
          <Methods>
            <Method skippedDueTo="File" visited="false" cyclomaticComplexity="1" nPathComplexity="0" sequenceCoverage="0" branchCoverage="0" isConstructor="false" isStatic="false" isGetter="true" isSetter="false">
              <MetadataToken>100663299</MetadataToken>
              <Name>compiler.frontend.Lexer NUnit.Tests.Frontend.LexerTest::get_Lex()</Name>
              <FileRef uid="2" />
              <SequencePoints />
              <BranchPoints />
            </Method>
            <Method skippedDueTo="File" visited="false" cyclomaticComplexity="1" nPathComplexity="0" sequenceCoverage="0" branchCoverage="0" isConstructor="false" isStatic="false" isGetter="false" isSetter="true">
              <MetadataToken>100663300</MetadataToken>
              <Name>System.Void NUnit.Tests.Frontend.LexerTest::set_Lex(compiler.frontend.Lexer)</Name>
              <FileRef uid="2" />
              <SequencePoints />
              <BranchPoints />
            </Method>
            <Method skippedDueTo="File" visited="false" cyclomaticComplexity="1" nPathComplexity="0" sequenceCoverage="0" branchCoverage="0" isConstructor="false" isStatic="false" isGetter="false" isSetter="false">
              <MetadataToken>100663301</MetadataToken>
              <Name>System.Void NUnit.Tests.Frontend.LexerTest::BadFilenameTest()</Name>
              <FileRef uid="2" />
              <SequencePoints />
              <BranchPoints />
            </Method>
            <Method skippedDueTo="File" visited="false" cyclomaticComplexity="2" nPathComplexity="0" sequenceCoverage="0" branchCoverage="0" isConstructor="false" isStatic="false" isGetter="false" isSetter="false">
              <MetadataToken>100663302</MetadataToken>
              <Name>System.Void NUnit.Tests.Frontend.LexerTest::NextTest()</Name>
              <FileRef uid="2" />
              <SequencePoints />
              <BranchPoints />
            </Method>
            <Method skippedDueTo="File" visited="false" cyclomaticComplexity="2" nPathComplexity="0" sequenceCoverage="0" branchCoverage="0" isConstructor="false" isStatic="false" isGetter="false" isSetter="false">
              <MetadataToken>100663303</MetadataToken>
              <Name>System.Void NUnit.Tests.Frontend.LexerTest::GetNextTokenTest()</Name>
              <FileRef uid="2" />
              <SequencePoints />
              <BranchPoints />
            </Method>
            <Method visited="true" cyclomaticComplexity="1" nPathComplexity="0" sequenceCoverage="0" branchCoverage="0" isConstructor="true" isStatic="false" isGetter="false" isSetter="false">
              <Summary numSequencePoints="0" visitedSequencePoints="0" numBranchPoints="0" visitedBranchPoints="0" sequenceCoverage="0" branchCoverage="0" maxCyclomaticComplexity="1" minCyclomaticComplexity="1" visitedClasses="0" numClasses="0" visitedMethods="0" numMethods="0" />
              <MetadataToken>100663304</MetadataToken>
              <Name>System.Void NUnit.Tests.Frontend.LexerTest::.ctor()</Name>
              <SequencePoints />
              <BranchPoints />
              <MethodPoint vc="1" uspid="2" ordinal="0" offset="0" />
            </Method>
            <Method skippedDueTo="File" visited="false" cyclomaticComplexity="1" nPathComplexity="0" sequenceCoverage="0" branchCoverage="0" isConstructor="false" isStatic="false" isGetter="false" isSetter="false">
              <MetadataToken>100663305</MetadataToken>
              <Name>System.Void NUnit.Tests.Frontend.LexerTest::&lt;BadFilenameTest&gt;b__4_0()</Name>
              <FileRef uid="2" />
              <SequencePoints />
              <BranchPoints />
            </Method>
            <Method skippedDueTo="File" visited="false" cyclomaticComplexity="1" nPathComplexity="0" sequenceCoverage="0" branchCoverage="0" isConstructor="false" isStatic="false" isGetter="false" isSetter="false">
              <MetadataToken>100663306</MetadataToken>
              <Name>System.Void NUnit.Tests.Frontend.LexerTest::&lt;NextTest&gt;b__5_0()</Name>
              <FileRef uid="2" />
              <SequencePoints />
              <BranchPoints />
            </Method>
          </Methods>
        </Class>
        <Class>
          <Summary numSequencePoints="0" visitedSequencePoints="0" numBranchPoints="0" visitedBranchPoints="0" sequenceCoverage="0" branchCoverage="0" maxCyclomaticComplexity="0" minCyclomaticComplexity="0" visitedClasses="0" numClasses="0" visitedMethods="0" numMethods="0" />
          <FullName>&lt;PrivateImplementationDetails&gt;</FullName>
          <Methods />
        </Class>
      </Classes>
    </Module>
    <Module skippedDueTo="Filter" hash="E5-DE-BE-E6-36-3A-18-9D-19-75-10-62-04-4B-5A-43-5C-48-C4-34">
      <ModulePath>C:\WINDOWS\Microsoft.Net\assembly\GAC_MSIL\System.Core\v4.0_4.0.0.0__b77a5c561934e089\System.Core.dll</ModulePath>
      <ModuleTime>2016-07-16T11:43:57.1711464Z</ModuleTime>
      <ModuleName>System.Core</ModuleName>
      <Classes />
    </Module>
    <Module skippedDueTo="Filter" hash="88-45-F0-9C-3C-9F-72-79-CB-6A-82-FA-D7-DB-C3-4A-59-80-3C-6B">
      <ModulePath>C:\WINDOWS\Microsoft.Net\assembly\GAC_MSIL\System.Xml\v4.0_4.0.0.0__b77a5c561934e089\System.Xml.dll</ModulePath>
      <ModuleTime>2016-07-16T11:43:55.4992744Z</ModuleTime>
      <ModuleName>System.Xml</ModuleName>
      <Classes />
    </Module>
    <Module hash="89-22-CF-12-8A-9B-11-50-60-6E-B4-45-2B-81-47-0F-68-3A-21-81">
      <Summary numSequencePoints="337" visitedSequencePoints="182" numBranchPoints="185" visitedBranchPoints="61" sequenceCoverage="54.01" branchCoverage="32.97" maxCyclomaticComplexity="41" minCyclomaticComplexity="1" visitedClasses="2" numClasses="4" visitedMethods="23" numMethods="36" />
      <ModulePath>D:\Code\compiler\compiler\NUnit.Tests\bin\Debug\compiler.dll</ModulePath>
      <ModuleTime>2017-01-21T08:35:15.755702Z</ModuleTime>
      <ModuleName>compiler</ModuleName>
      <Files>
        <File uid="5" fullPath="D:\Code\compiler\compiler\frontend\SymbolTable.cs" />
        <File uid="6" fullPath="D:\Code\compiler\compiler\Properties\Resources.Designer.cs" />
        <File uid="7" fullPath="D:\Code\compiler\compiler\frontend\Lexer.cs" />
        <File uid="8" fullPath="D:\Code\compiler\compiler\frontend\Token.cs" />
      </Files>
      <Classes>
        <Class>
          <Summary numSequencePoints="0" visitedSequencePoints="0" numBranchPoints="0" visitedBranchPoints="0" sequenceCoverage="0" branchCoverage="0" maxCyclomaticComplexity="0" minCyclomaticComplexity="0" visitedClasses="0" numClasses="0" visitedMethods="0" numMethods="0" />
          <FullName>&lt;Module&gt;</FullName>
          <Methods />
        </Class>
        <Class>
          <Summary numSequencePoints="68" visitedSequencePoints="63" numBranchPoints="9" visitedBranchPoints="7" sequenceCoverage="92.65" branchCoverage="77.78" maxCyclomaticComplexity="2" minCyclomaticComplexity="1" visitedClasses="1" numClasses="1" visitedMethods="6" numMethods="7" />
          <FullName>compiler.SymbolTable</FullName>
          <Methods>
            <Method visited="true" cyclomaticComplexity="1" nPathComplexity="0" sequenceCoverage="100" branchCoverage="100" isConstructor="true" isStatic="false" isGetter="false" isSetter="false">
              <Summary numSequencePoints="7" visitedSequencePoints="7" numBranchPoints="1" visitedBranchPoints="1" sequenceCoverage="100" branchCoverage="100" maxCyclomaticComplexity="1" minCyclomaticComplexity="1" visitedClasses="0" numClasses="0" visitedMethods="1" numMethods="1" />
              <MetadataToken>100663297</MetadataToken>
              <Name>System.Void compiler.SymbolTable::.ctor()</Name>
              <FileRef uid="5" />
              <SequencePoints>
                <SequencePoint vc="2" uspid="3" ordinal="0" offset="0" sl="18" sc="3" el="18" ec="23" bec="0" bev="0" fileid="5" />
                <SequencePoint vc="2" uspid="4" ordinal="1" offset="7" sl="19" sc="3" el="19" ec="4" bec="0" bev="0" fileid="5" />
                <SequencePoint vc="2" uspid="5" ordinal="2" offset="8" sl="20" sc="4" el="20" ec="14" bec="0" bev="0" fileid="5" />
                <SequencePoint vc="2" uspid="6" ordinal="3" offset="15" sl="21" sc="4" el="21" ec="43" bec="0" bev="0" fileid="5" />
                <SequencePoint vc="2" uspid="7" ordinal="4" offset="26" sl="22" sc="4" el="22" ec="44" bec="0" bev="0" fileid="5" />
                <SequencePoint vc="2" uspid="8" ordinal="5" offset="37" sl="23" sc="4" el="23" ec="11" bec="0" bev="0" fileid="5" />
                <SequencePoint vc="2" uspid="9" ordinal="6" offset="44" sl="24" sc="3" el="24" ec="4" bec="0" bev="0" fileid="5" />
              </SequencePoints>
              <BranchPoints />
              <MethodPoint xsi:type="SequencePoint" vc="2" uspid="3" ordinal="0" offset="0" sl="18" sc="3" el="18" ec="23" bec="0" bev="0" fileid="5" />
            </Method>
            <Method visited="true" cyclomaticComplexity="2" nPathComplexity="2" sequenceCoverage="75" branchCoverage="66.67" isConstructor="false" isStatic="false" isGetter="false" isSetter="false">
              <Summary numSequencePoints="8" visitedSequencePoints="6" numBranchPoints="3" visitedBranchPoints="2" sequenceCoverage="75" branchCoverage="66.67" maxCyclomaticComplexity="2" minCyclomaticComplexity="2" visitedClasses="0" numClasses="0" visitedMethods="1" numMethods="1" />
              <MetadataToken>100663298</MetadataToken>
              <Name>System.Void compiler.SymbolTable::insert(System.String)</Name>
              <FileRef uid="5" />
              <SequencePoints>
                <SequencePoint vc="81" uspid="10" ordinal="0" offset="0" sl="27" sc="3" el="27" ec="4" bec="0" bev="0" fileid="5" />
                <SequencePoint vc="81" uspid="11" ordinal="1" offset="1" sl="29" sc="4" el="29" ec="32" bec="2" bev="1" fileid="5" />
                <SequencePoint vc="0" uspid="12" ordinal="2" offset="17" sl="30" sc="4" el="30" ec="5" bec="0" bev="0" fileid="5" />
                <SequencePoint vc="0" uspid="13" ordinal="3" offset="18" sl="31" sc="5" el="31" ec="67" bec="0" bev="0" fileid="5" />
                <SequencePoint vc="81" uspid="14" ordinal="4" offset="29" sl="34" sc="4" el="34" ec="27" bec="0" bev="0" fileid="5" />
                <SequencePoint vc="81" uspid="15" ordinal="5" offset="48" sl="35" sc="4" el="35" ec="28" bec="0" bev="0" fileid="5" />
                <SequencePoint vc="81" uspid="16" ordinal="6" offset="67" sl="36" sc="13" el="36" ec="21" bec="0" bev="0" fileid="5" />
                <SequencePoint vc="81" uspid="17" ordinal="7" offset="81" sl="38" sc="9" el="38" ec="10" bec="0" bev="0" fileid="5" />
              </SequencePoints>
              <BranchPoints>
                <BranchPoint vc="0" uspid="18" ordinal="0" offset="15" sl="29" path="0" offsetend="17" fileid="5" />
                <BranchPoint vc="81" uspid="19" ordinal="1" offset="15" sl="29" path="1" offsetend="29" fileid="5" />
              </BranchPoints>
              <MethodPoint xsi:type="SequencePoint" vc="81" uspid="10" ordinal="0" offset="0" sl="27" sc="3" el="27" ec="4" bec="0" bev="0" fileid="5" />
            </Method>
            <Method visited="false" cyclomaticComplexity="1" nPathComplexity="0" sequenceCoverage="0" branchCoverage="0" isConstructor="false" isStatic="false" isGetter="false" isSetter="false">
              <Summary numSequencePoints="3" visitedSequencePoints="0" numBranchPoints="1" visitedBranchPoints="0" sequenceCoverage="0" branchCoverage="0" maxCyclomaticComplexity="1" minCyclomaticComplexity="1" visitedClasses="0" numClasses="0" visitedMethods="0" numMethods="1" />
              <MetadataToken>100663299</MetadataToken>
              <Name>System.String compiler.SymbolTable::symbol(System.Int32)</Name>
              <FileRef uid="5" />
              <SequencePoints>
                <SequencePoint vc="0" uspid="20" ordinal="0" offset="0" sl="41" sc="3" el="41" ec="4" bec="0" bev="0" fileid="5" />
                <SequencePoint vc="0" uspid="21" ordinal="1" offset="1" sl="43" sc="4" el="43" ec="24" bec="0" bev="0" fileid="5" />
                <SequencePoint vc="0" uspid="22" ordinal="2" offset="16" sl="44" sc="3" el="44" ec="4" bec="0" bev="0" fileid="5" />
              </SequencePoints>
              <BranchPoints />
              <MethodPoint xsi:type="SequencePoint" vc="0" uspid="20" ordinal="0" offset="0" sl="41" sc="3" el="41" ec="4" bec="0" bev="0" fileid="5" />
            </Method>
            <Method visited="true" cyclomaticComplexity="1" nPathComplexity="0" sequenceCoverage="100" branchCoverage="100" isConstructor="false" isStatic="false" isGetter="false" isSetter="false">
              <Summary numSequencePoints="3" visitedSequencePoints="3" numBranchPoints="1" visitedBranchPoints="1" sequenceCoverage="100" branchCoverage="100" maxCyclomaticComplexity="1" minCyclomaticComplexity="1" visitedClasses="0" numClasses="0" visitedMethods="1" numMethods="1" />
              <MetadataToken>100663300</MetadataToken>
              <Name>System.Int32 compiler.SymbolTable::val(System.String)</Name>
              <FileRef uid="5" />
              <SequencePoints>
                <SequencePoint vc="36" uspid="23" ordinal="0" offset="0" sl="47" sc="3" el="47" ec="4" bec="0" bev="0" fileid="5" />
                <SequencePoint vc="36" uspid="24" ordinal="1" offset="1" sl="48" sc="4" el="48" ec="23" bec="0" bev="0" fileid="5" />
                <SequencePoint vc="36" uspid="25" ordinal="2" offset="16" sl="49" sc="3" el="49" ec="4" bec="0" bev="0" fileid="5" />
              </SequencePoints>
              <BranchPoints />
              <MethodPoint xsi:type="SequencePoint" vc="36" uspid="23" ordinal="0" offset="0" sl="47" sc="3" el="47" ec="4" bec="0" bev="0" fileid="5" />
            </Method>
            <Method visited="true" cyclomaticComplexity="1" nPathComplexity="0" sequenceCoverage="100" branchCoverage="100" isConstructor="false" isStatic="false" isGetter="false" isSetter="false">
              <Summary numSequencePoints="3" visitedSequencePoints="3" numBranchPoints="1" visitedBranchPoints="1" sequenceCoverage="100" branchCoverage="100" maxCyclomaticComplexity="1" minCyclomaticComplexity="1" visitedClasses="0" numClasses="0" visitedMethods="1" numMethods="1" />
              <MetadataToken>100663301</MetadataToken>
              <Name>System.Boolean compiler.SymbolTable::lookup(System.String)</Name>
              <FileRef uid="5" />
              <SequencePoints>
                <SequencePoint vc="12" uspid="26" ordinal="0" offset="0" sl="52" sc="3" el="52" ec="4" bec="0" bev="0" fileid="5" />
                <SequencePoint vc="12" uspid="27" ordinal="1" offset="1" sl="53" sc="4" el="53" ec="35" bec="0" bev="0" fileid="5" />
                <SequencePoint vc="12" uspid="28" ordinal="2" offset="16" sl="54" sc="3" el="54" ec="4" bec="0" bev="0" fileid="5" />
              </SequencePoints>
              <BranchPoints />
              <MethodPoint xsi:type="SequencePoint" vc="12" uspid="26" ordinal="0" offset="0" sl="52" sc="3" el="52" ec="4" bec="0" bev="0" fileid="5" />
            </Method>
            <Method visited="true" cyclomaticComplexity="1" nPathComplexity="0" sequenceCoverage="100" branchCoverage="100" isConstructor="false" isStatic="false" isGetter="false" isSetter="false">
              <Summary numSequencePoints="41" visitedSequencePoints="41" numBranchPoints="1" visitedBranchPoints="1" sequenceCoverage="100" branchCoverage="100" maxCyclomaticComplexity="1" minCyclomaticComplexity="1" visitedClasses="0" numClasses="0" visitedMethods="1" numMethods="1" />
              <MetadataToken>100663302</MetadataToken>
              <Name>System.Void compiler.SymbolTable::init()</Name>
              <FileRef uid="5" />
              <SequencePoints>
                <SequencePoint vc="2" uspid="29" ordinal="0" offset="0" sl="58" sc="3" el="58" ec="4" bec="0" bev="0" fileid="5" />
                <SequencePoint vc="2" uspid="30" ordinal="1" offset="1" sl="60" sc="13" el="60" ec="32" bec="0" bev="0" fileid="5" />
                <SequencePoint vc="2" uspid="31" ordinal="2" offset="13" sl="62" sc="4" el="62" ec="16" bec="0" bev="0" fileid="5" />
                <SequencePoint vc="2" uspid="32" ordinal="3" offset="25" sl="63" sc="4" el="63" ec="16" bec="0" bev="0" fileid="5" />
                <SequencePoint vc="2" uspid="33" ordinal="4" offset="37" sl="64" sc="4" el="64" ec="16" bec="0" bev="0" fileid="5" />
                <SequencePoint vc="2" uspid="34" ordinal="5" offset="49" sl="65" sc="4" el="65" ec="16" bec="0" bev="0" fileid="5" />
                <SequencePoint vc="2" uspid="35" ordinal="6" offset="61" sl="67" sc="4" el="67" ec="17" bec="0" bev="0" fileid="5" />
                <SequencePoint vc="2" uspid="36" ordinal="7" offset="73" sl="68" sc="13" el="68" ec="26" bec="0" bev="0" fileid="5" />
                <SequencePoint vc="2" uspid="37" ordinal="8" offset="85" sl="69" sc="13" el="69" ec="25" bec="0" bev="0" fileid="5" />
                <SequencePoint vc="2" uspid="38" ordinal="9" offset="97" sl="70" sc="13" el="70" ec="26" bec="0" bev="0" fileid="5" />
                <SequencePoint vc="2" uspid="39" ordinal="10" offset="109" sl="71" sc="13" el="71" ec="25" bec="0" bev="0" fileid="5" />
                <SequencePoint vc="2" uspid="40" ordinal="11" offset="121" sl="72" sc="13" el="72" ec="26" bec="0" bev="0" fileid="5" />
                <SequencePoint vc="2" uspid="41" ordinal="12" offset="133" sl="74" sc="13" el="74" ec="26" bec="0" bev="0" fileid="5" />
                <SequencePoint vc="2" uspid="42" ordinal="13" offset="145" sl="75" sc="4" el="75" ec="16" bec="0" bev="0" fileid="5" />
                <SequencePoint vc="2" uspid="43" ordinal="14" offset="157" sl="76" sc="4" el="76" ec="16" bec="0" bev="0" fileid="5" />
                <SequencePoint vc="2" uspid="44" ordinal="15" offset="169" sl="78" sc="4" el="78" ec="16" bec="0" bev="0" fileid="5" />
                <SequencePoint vc="2" uspid="45" ordinal="16" offset="181" sl="79" sc="4" el="79" ec="16" bec="0" bev="0" fileid="5" />
                <SequencePoint vc="2" uspid="46" ordinal="17" offset="193" sl="80" sc="4" el="80" ec="16" bec="0" bev="0" fileid="5" />
                <SequencePoint vc="2" uspid="47" ordinal="18" offset="205" sl="81" sc="4" el="81" ec="16" bec="0" bev="0" fileid="5" />
                <SequencePoint vc="2" uspid="48" ordinal="19" offset="217" sl="82" sc="4" el="82" ec="16" bec="0" bev="0" fileid="5" />
                <SequencePoint vc="2" uspid="49" ordinal="20" offset="229" sl="83" sc="4" el="83" ec="16" bec="0" bev="0" fileid="5" />
                <SequencePoint vc="2" uspid="50" ordinal="21" offset="241" sl="86" sc="13" el="86" ec="27" bec="0" bev="0" fileid="5" />
                <SequencePoint vc="2" uspid="51" ordinal="22" offset="253" sl="87" sc="4" el="87" ec="19" bec="0" bev="0" fileid="5" />
                <SequencePoint vc="2" uspid="52" ordinal="23" offset="265" sl="88" sc="13" el="88" ec="26" bec="0" bev="0" fileid="5" />
                <SequencePoint vc="2" uspid="53" ordinal="24" offset="277" sl="89" sc="13" el="89" ec="28" bec="0" bev="0" fileid="5" />
                <SequencePoint vc="2" uspid="54" ordinal="25" offset="289" sl="90" sc="13" el="90" ec="28" bec="0" bev="0" fileid="5" />
                <SequencePoint vc="2" uspid="55" ordinal="26" offset="301" sl="91" sc="13" el="91" ec="26" bec="0" bev="0" fileid="5" />
                <SequencePoint vc="2" uspid="56" ordinal="27" offset="313" sl="92" sc="13" el="92" ec="29" bec="0" bev="0" fileid="5" />
                <SequencePoint vc="2" uspid="57" ordinal="28" offset="325" sl="93" sc="13" el="93" ec="26" bec="0" bev="0" fileid="5" />
                <SequencePoint vc="2" uspid="58" ordinal="29" offset="337" sl="94" sc="13" el="94" ec="26" bec="0" bev="0" fileid="5" />
                <SequencePoint vc="2" uspid="59" ordinal="30" offset="349" sl="96" sc="4" el="96" ec="21" bec="0" bev="0" fileid="5" />
                <SequencePoint vc="2" uspid="60" ordinal="31" offset="361" sl="97" sc="4" el="97" ec="19" bec="0" bev="0" fileid="5" />
                <SequencePoint vc="2" uspid="61" ordinal="32" offset="373" sl="98" sc="13" el="98" ec="27" bec="0" bev="0" fileid="5" />
                <SequencePoint vc="2" uspid="62" ordinal="33" offset="385" sl="99" sc="13" el="99" ec="29" bec="0" bev="0" fileid="5" />
                <SequencePoint vc="2" uspid="63" ordinal="34" offset="397" sl="101" sc="13" el="101" ec="32" bec="0" bev="0" fileid="5" />
                <SequencePoint vc="2" uspid="64" ordinal="35" offset="409" sl="102" sc="4" el="102" ec="24" bec="0" bev="0" fileid="5" />
                <SequencePoint vc="2" uspid="65" ordinal="36" offset="421" sl="103" sc="4" el="103" ec="16" bec="0" bev="0" fileid="5" />
                <SequencePoint vc="2" uspid="66" ordinal="37" offset="433" sl="104" sc="13" el="104" ec="26" bec="0" bev="0" fileid="5" />
                <SequencePoint vc="2" uspid="67" ordinal="38" offset="445" sl="106" sc="13" el="106" ec="31" bec="0" bev="0" fileid="5" />
                <SequencePoint vc="2" uspid="68" ordinal="39" offset="457" sl="107" sc="13" el="107" ec="35" bec="0" bev="0" fileid="5" />
                <SequencePoint vc="2" uspid="69" ordinal="40" offset="469" sl="108" sc="3" el="108" ec="4" bec="0" bev="0" fileid="5" />
              </SequencePoints>
              <BranchPoints />
              <MethodPoint xsi:type="SequencePoint" vc="2" uspid="29" ordinal="0" offset="0" sl="58" sc="3" el="58" ec="4" bec="0" bev="0" fileid="5" />
            </Method>
            <Method visited="true" cyclomaticComplexity="1" nPathComplexity="0" sequenceCoverage="100" branchCoverage="100" isConstructor="false" isStatic="false" isGetter="false" isSetter="false">
              <Summary numSequencePoints="3" visitedSequencePoints="3" numBranchPoints="1" visitedBranchPoints="1" sequenceCoverage="100" branchCoverage="100" maxCyclomaticComplexity="1" minCyclomaticComplexity="1" visitedClasses="0" numClasses="0" visitedMethods="1" numMethods="1" />
              <MetadataToken>100663303</MetadataToken>
              <Name>System.Boolean compiler.SymbolTable::isId(System.String)</Name>
              <FileRef uid="5" />
              <SequencePoints>
                <SequencePoint vc="12" uspid="70" ordinal="0" offset="0" sl="112" sc="3" el="112" ec="4" bec="0" bev="0" fileid="5" />
                <SequencePoint vc="12" uspid="71" ordinal="1" offset="1" sl="115" sc="4" el="115" ec="43" bec="0" bev="0" fileid="5" />
                <SequencePoint vc="12" uspid="72" ordinal="2" offset="24" sl="116" sc="3" el="116" ec="4" bec="0" bev="0" fileid="5" />
              </SequencePoints>
              <BranchPoints />
              <MethodPoint xsi:type="SequencePoint" vc="12" uspid="70" ordinal="0" offset="0" sl="112" sc="3" el="112" ec="4" bec="0" bev="0" fileid="5" />
            </Method>
          </Methods>
        </Class>
        <Class>
          <Summary numSequencePoints="17" visitedSequencePoints="0" numBranchPoints="6" visitedBranchPoints="0" sequenceCoverage="0" branchCoverage="0" maxCyclomaticComplexity="2" minCyclomaticComplexity="1" visitedClasses="0" numClasses="1" visitedMethods="0" numMethods="4" />
          <FullName>compiler.Properties.Resources</FullName>
          <Methods>
            <Method visited="false" cyclomaticComplexity="2" nPathComplexity="2" sequenceCoverage="0" branchCoverage="0" isConstructor="false" isStatic="true" isGetter="true" isSetter="false">
              <Summary numSequencePoints="8" visitedSequencePoints="0" numBranchPoints="3" visitedBranchPoints="0" sequenceCoverage="0" branchCoverage="0" maxCyclomaticComplexity="2" minCyclomaticComplexity="2" visitedClasses="0" numClasses="0" visitedMethods="0" numMethods="1" />
              <MetadataToken>100663305</MetadataToken>
              <Name>System.Resources.ResourceManager compiler.Properties.Resources::get_ResourceManager()</Name>
              <FileRef uid="6" />
              <SequencePoints>
                <SequencePoint vc="0" uspid="73" ordinal="0" offset="0" sl="40" sc="17" el="40" ec="18" bec="0" bev="0" fileid="6" />
                <SequencePoint vc="0" uspid="74" ordinal="1" offset="1" sl="41" sc="17" el="41" ec="63" bec="2" bev="0" fileid="6" />
                <SequencePoint vc="0" uspid="75" ordinal="2" offset="13" sl="41" sc="64" el="41" ec="65" bec="0" bev="0" fileid="6" />
                <SequencePoint vc="0" uspid="76" ordinal="3" offset="14" sl="42" sc="21" el="42" ec="175" bec="0" bev="0" fileid="6" />
                <SequencePoint vc="0" uspid="77" ordinal="4" offset="40" sl="43" sc="21" el="43" ec="40" bec="0" bev="0" fileid="6" />
                <SequencePoint vc="0" uspid="78" ordinal="5" offset="46" sl="44" sc="17" el="44" ec="18" bec="0" bev="0" fileid="6" />
                <SequencePoint vc="0" uspid="79" ordinal="6" offset="47" sl="45" sc="17" el="45" ec="36" bec="0" bev="0" fileid="6" />
                <SequencePoint vc="0" uspid="80" ordinal="7" offset="55" sl="46" sc="13" el="46" ec="14" bec="0" bev="0" fileid="6" />
              </SequencePoints>
              <BranchPoints>
                <BranchPoint vc="0" uspid="81" ordinal="0" offset="11" sl="41" path="0" offsetend="13" fileid="6" />
                <BranchPoint vc="0" uspid="82" ordinal="1" offset="11" sl="41" path="1" offsetend="47" fileid="6" />
              </BranchPoints>
              <MethodPoint xsi:type="SequencePoint" vc="0" uspid="73" ordinal="0" offset="0" sl="40" sc="17" el="40" ec="18" bec="0" bev="0" fileid="6" />
            </Method>
            <Method visited="false" cyclomaticComplexity="1" nPathComplexity="0" sequenceCoverage="0" branchCoverage="0" isConstructor="false" isStatic="true" isGetter="true" isSetter="false">
              <Summary numSequencePoints="3" visitedSequencePoints="0" numBranchPoints="1" visitedBranchPoints="0" sequenceCoverage="0" branchCoverage="0" maxCyclomaticComplexity="1" minCyclomaticComplexity="1" visitedClasses="0" numClasses="0" visitedMethods="0" numMethods="1" />
              <MetadataToken>100663306</MetadataToken>
              <Name>System.Globalization.CultureInfo compiler.Properties.Resources::get_Culture()</Name>
              <FileRef uid="6" />
              <SequencePoints>
                <SequencePoint vc="0" uspid="83" ordinal="0" offset="0" sl="55" sc="17" el="55" ec="18" bec="0" bev="0" fileid="6" />
                <SequencePoint vc="0" uspid="84" ordinal="1" offset="1" sl="56" sc="17" el="56" ec="40" bec="0" bev="0" fileid="6" />
                <SequencePoint vc="0" uspid="85" ordinal="2" offset="9" sl="57" sc="13" el="57" ec="14" bec="0" bev="0" fileid="6" />
              </SequencePoints>
              <BranchPoints />
              <MethodPoint xsi:type="SequencePoint" vc="0" uspid="83" ordinal="0" offset="0" sl="55" sc="17" el="55" ec="18" bec="0" bev="0" fileid="6" />
            </Method>
            <Method visited="false" cyclomaticComplexity="1" nPathComplexity="0" sequenceCoverage="0" branchCoverage="0" isConstructor="false" isStatic="true" isGetter="false" isSetter="true">
              <Summary numSequencePoints="3" visitedSequencePoints="0" numBranchPoints="1" visitedBranchPoints="0" sequenceCoverage="0" branchCoverage="0" maxCyclomaticComplexity="1" minCyclomaticComplexity="1" visitedClasses="0" numClasses="0" visitedMethods="0" numMethods="1" />
              <MetadataToken>100663307</MetadataToken>
              <Name>System.Void compiler.Properties.Resources::set_Culture(System.Globalization.CultureInfo)</Name>
              <FileRef uid="6" />
              <SequencePoints>
                <SequencePoint vc="0" uspid="86" ordinal="0" offset="0" sl="58" sc="17" el="58" ec="18" bec="0" bev="0" fileid="6" />
                <SequencePoint vc="0" uspid="87" ordinal="1" offset="1" sl="59" sc="17" el="59" ec="41" bec="0" bev="0" fileid="6" />
                <SequencePoint vc="0" uspid="88" ordinal="2" offset="7" sl="60" sc="13" el="60" ec="14" bec="0" bev="0" fileid="6" />
              </SequencePoints>
              <BranchPoints />
              <MethodPoint xsi:type="SequencePoint" vc="0" uspid="86" ordinal="0" offset="0" sl="58" sc="17" el="58" ec="18" bec="0" bev="0" fileid="6" />
            </Method>
            <Method visited="false" cyclomaticComplexity="1" nPathComplexity="0" sequenceCoverage="0" branchCoverage="0" isConstructor="true" isStatic="false" isGetter="false" isSetter="false">
              <Summary numSequencePoints="3" visitedSequencePoints="0" numBranchPoints="1" visitedBranchPoints="0" sequenceCoverage="0" branchCoverage="0" maxCyclomaticComplexity="1" minCyclomaticComplexity="1" visitedClasses="0" numClasses="0" visitedMethods="0" numMethods="1" />
              <MetadataToken>100663304</MetadataToken>
              <Name>System.Void compiler.Properties.Resources::.ctor()</Name>
              <FileRef uid="6" />
              <SequencePoints>
                <SequencePoint vc="0" uspid="89" ordinal="0" offset="0" sl="32" sc="9" el="32" ec="29" bec="0" bev="0" fileid="6" />
                <SequencePoint vc="0" uspid="90" ordinal="1" offset="7" sl="32" sc="30" el="32" ec="31" bec="0" bev="0" fileid="6" />
                <SequencePoint vc="0" uspid="91" ordinal="2" offset="8" sl="33" sc="9" el="33" ec="10" bec="0" bev="0" fileid="6" />
              </SequencePoints>
              <BranchPoints />
              <MethodPoint xsi:type="SequencePoint" vc="0" uspid="89" ordinal="0" offset="0" sl="32" sc="9" el="32" ec="29" bec="0" bev="0" fileid="6" />
            </Method>
          </Methods>
        </Class>
        <Class>
          <Summary numSequencePoints="166" visitedSequencePoints="119" numBranchPoints="88" visitedBranchPoints="54" sequenceCoverage="71.69" branchCoverage="61.36" maxCyclomaticComplexity="31" minCyclomaticComplexity="1" visitedClasses="1" numClasses="1" visitedMethods="17" numMethods="23" />
          <FullName>compiler.frontend.Lexer</FullName>
          <Methods>
            <Method visited="true" cyclomaticComplexity="1" nPathComplexity="0" sequenceCoverage="100" branchCoverage="100" isConstructor="false" isStatic="false" isGetter="true" isSetter="false">
              <Summary numSequencePoints="1" visitedSequencePoints="1" numBranchPoints="1" visitedBranchPoints="1" sequenceCoverage="100" branchCoverage="100" maxCyclomaticComplexity="1" minCyclomaticComplexity="1" visitedClasses="0" numClasses="0" visitedMethods="1" numMethods="1" />
              <MetadataToken>100663308</MetadataToken>
              <Name>System.IO.StreamReader compiler.frontend.Lexer::get_Sr()</Name>
              <FileRef uid="7" />
              <SequencePoints>
                <SequencePoint vc="252" uspid="92" ordinal="0" offset="0" sl="13" sc="34" el="13" ec="38" bec="0" bev="0" fileid="7" />
              </SequencePoints>
              <BranchPoints />
              <MethodPoint xsi:type="SequencePoint" vc="252" uspid="92" ordinal="0" offset="0" sl="13" sc="34" el="13" ec="38" bec="0" bev="0" fileid="7" />
            </Method>
            <Method visited="true" cyclomaticComplexity="1" nPathComplexity="0" sequenceCoverage="100" branchCoverage="100" isConstructor="false" isStatic="false" isGetter="false" isSetter="true">
              <Summary numSequencePoints="1" visitedSequencePoints="1" numBranchPoints="1" visitedBranchPoints="1" sequenceCoverage="100" branchCoverage="100" maxCyclomaticComplexity="1" minCyclomaticComplexity="1" visitedClasses="0" numClasses="0" visitedMethods="1" numMethods="1" />
              <MetadataToken>100663309</MetadataToken>
              <Name>System.Void compiler.frontend.Lexer::set_Sr(System.IO.StreamReader)</Name>
              <FileRef uid="7" />
              <SequencePoints>
                <SequencePoint vc="4" uspid="93" ordinal="0" offset="0" sl="13" sc="39" el="13" ec="43" bec="0" bev="0" fileid="7" />
              </SequencePoints>
              <BranchPoints />
              <MethodPoint xsi:type="SequencePoint" vc="4" uspid="93" ordinal="0" offset="0" sl="13" sc="39" el="13" ec="43" bec="0" bev="0" fileid="7" />
            </Method>
            <Method visited="true" cyclomaticComplexity="1" nPathComplexity="0" sequenceCoverage="100" branchCoverage="100" isConstructor="false" isStatic="false" isGetter="true" isSetter="false">
              <Summary numSequencePoints="1" visitedSequencePoints="1" numBranchPoints="1" visitedBranchPoints="1" sequenceCoverage="100" branchCoverage="100" maxCyclomaticComplexity="1" minCyclomaticComplexity="1" visitedClasses="0" numClasses="0" visitedMethods="1" numMethods="1" />
              <MetadataToken>100663310</MetadataToken>
              <Name>System.Char compiler.frontend.Lexer::get_C()</Name>
              <FileRef uid="7" />
              <SequencePoints>
                <SequencePoint vc="378" uspid="94" ordinal="0" offset="0" sl="18" sc="25" el="18" ec="29" bec="0" bev="0" fileid="7" />
              </SequencePoints>
              <BranchPoints />
              <MethodPoint xsi:type="SequencePoint" vc="378" uspid="94" ordinal="0" offset="0" sl="18" sc="25" el="18" ec="29" bec="0" bev="0" fileid="7" />
            </Method>
            <Method visited="true" cyclomaticComplexity="1" nPathComplexity="0" sequenceCoverage="100" branchCoverage="100" isConstructor="false" isStatic="false" isGetter="false" isSetter="true">
              <Summary numSequencePoints="1" visitedSequencePoints="1" numBranchPoints="1" visitedBranchPoints="1" sequenceCoverage="100" branchCoverage="100" maxCyclomaticComplexity="1" minCyclomaticComplexity="1" visitedClasses="0" numClasses="0" visitedMethods="1" numMethods="1" />
              <MetadataToken>100663311</MetadataToken>
              <Name>System.Void compiler.frontend.Lexer::set_C(System.Char)</Name>
              <FileRef uid="7" />
              <SequencePoints>
                <SequencePoint vc="123" uspid="95" ordinal="0" offset="0" sl="18" sc="30" el="18" ec="34" bec="0" bev="0" fileid="7" />
              </SequencePoints>
              <BranchPoints />
              <MethodPoint xsi:type="SequencePoint" vc="123" uspid="95" ordinal="0" offset="0" sl="18" sc="30" el="18" ec="34" bec="0" bev="0" fileid="7" />
            </Method>
            <Method visited="true" cyclomaticComplexity="1" nPathComplexity="0" sequenceCoverage="100" branchCoverage="100" isConstructor="false" isStatic="false" isGetter="true" isSetter="false">
              <Summary numSequencePoints="1" visitedSequencePoints="1" numBranchPoints="1" visitedBranchPoints="1" sequenceCoverage="100" branchCoverage="100" maxCyclomaticComplexity="1" minCyclomaticComplexity="1" visitedClasses="0" numClasses="0" visitedMethods="1" numMethods="1" />
              <MetadataToken>100663312</MetadataToken>
              <Name>compiler.SymbolTable compiler.frontend.Lexer::get_SymbolTble()</Name>
              <FileRef uid="7" />
              <SequencePoints>
                <SequencePoint vc="39" uspid="96" ordinal="0" offset="0" sl="23" sc="41" el="23" ec="45" bec="0" bev="0" fileid="7" />
              </SequencePoints>
              <BranchPoints />
              <MethodPoint xsi:type="SequencePoint" vc="39" uspid="96" ordinal="0" offset="0" sl="23" sc="41" el="23" ec="45" bec="0" bev="0" fileid="7" />
            </Method>
            <Method visited="false" cyclomaticComplexity="1" nPathComplexity="0" sequenceCoverage="0" branchCoverage="0" isConstructor="false" isStatic="false" isGetter="true" isSetter="false">
              <Summary numSequencePoints="1" visitedSequencePoints="0" numBranchPoints="1" visitedBranchPoints="0" sequenceCoverage="0" branchCoverage="0" maxCyclomaticComplexity="1" minCyclomaticComplexity="1" visitedClasses="0" numClasses="0" visitedMethods="0" numMethods="1" />
              <MetadataToken>100663313</MetadataToken>
              <Name>System.Int32 compiler.frontend.Lexer::get_Sym()</Name>
              <FileRef uid="7" />
              <SequencePoints>
                <SequencePoint vc="0" uspid="97" ordinal="0" offset="0" sl="28" sc="26" el="28" ec="30" bec="0" bev="0" fileid="7" />
              </SequencePoints>
              <BranchPoints />
              <MethodPoint xsi:type="SequencePoint" vc="0" uspid="97" ordinal="0" offset="0" sl="28" sc="26" el="28" ec="30" bec="0" bev="0" fileid="7" />
            </Method>
            <Method visited="false" cyclomaticComplexity="1" nPathComplexity="0" sequenceCoverage="0" branchCoverage="0" isConstructor="false" isStatic="false" isGetter="false" isSetter="true">
              <Summary numSequencePoints="1" visitedSequencePoints="0" numBranchPoints="1" visitedBranchPoints="0" sequenceCoverage="0" branchCoverage="0" maxCyclomaticComplexity="1" minCyclomaticComplexity="1" visitedClasses="0" numClasses="0" visitedMethods="0" numMethods="1" />
              <MetadataToken>100663314</MetadataToken>
              <Name>System.Void compiler.frontend.Lexer::set_Sym(System.Int32)</Name>
              <FileRef uid="7" />
              <SequencePoints>
                <SequencePoint vc="0" uspid="98" ordinal="0" offset="0" sl="28" sc="31" el="28" ec="35" bec="0" bev="0" fileid="7" />
              </SequencePoints>
              <BranchPoints />
              <MethodPoint xsi:type="SequencePoint" vc="0" uspid="98" ordinal="0" offset="0" sl="28" sc="31" el="28" ec="35" bec="0" bev="0" fileid="7" />
            </Method>
            <Method visited="false" cyclomaticComplexity="1" nPathComplexity="0" sequenceCoverage="0" branchCoverage="0" isConstructor="false" isStatic="false" isGetter="true" isSetter="false">
              <Summary numSequencePoints="1" visitedSequencePoints="0" numBranchPoints="1" visitedBranchPoints="0" sequenceCoverage="0" branchCoverage="0" maxCyclomaticComplexity="1" minCyclomaticComplexity="1" visitedClasses="0" numClasses="0" visitedMethods="0" numMethods="1" />
              <MetadataToken>100663315</MetadataToken>
              <Name>System.Int32 compiler.frontend.Lexer::get_Val()</Name>
              <FileRef uid="7" />
              <SequencePoints>
                <SequencePoint vc="0" uspid="99" ordinal="0" offset="0" sl="33" sc="26" el="33" ec="30" bec="0" bev="0" fileid="7" />
              </SequencePoints>
              <BranchPoints />
              <MethodPoint xsi:type="SequencePoint" vc="0" uspid="99" ordinal="0" offset="0" sl="33" sc="26" el="33" ec="30" bec="0" bev="0" fileid="7" />
            </Method>
            <Method visited="true" cyclomaticComplexity="1" nPathComplexity="0" sequenceCoverage="100" branchCoverage="100" isConstructor="false" isStatic="false" isGetter="false" isSetter="true">
              <Summary numSequencePoints="1" visitedSequencePoints="1" numBranchPoints="1" visitedBranchPoints="1" sequenceCoverage="100" branchCoverage="100" maxCyclomaticComplexity="1" minCyclomaticComplexity="1" visitedClasses="0" numClasses="0" visitedMethods="1" numMethods="1" />
              <MetadataToken>100663316</MetadataToken>
              <Name>System.Void compiler.frontend.Lexer::set_Val(System.Int32)</Name>
              <FileRef uid="7" />
              <SequencePoints>
                <SequencePoint vc="2" uspid="100" ordinal="0" offset="0" sl="33" sc="31" el="33" ec="35" bec="0" bev="0" fileid="7" />
              </SequencePoints>
              <BranchPoints />
              <MethodPoint xsi:type="SequencePoint" vc="2" uspid="100" ordinal="0" offset="0" sl="33" sc="31" el="33" ec="35" bec="0" bev="0" fileid="7" />
            </Method>
            <Method visited="true" cyclomaticComplexity="1" nPathComplexity="0" sequenceCoverage="100" branchCoverage="100" isConstructor="false" isStatic="false" isGetter="true" isSetter="false">
              <Summary numSequencePoints="1" visitedSequencePoints="1" numBranchPoints="1" visitedBranchPoints="1" sequenceCoverage="100" branchCoverage="100" maxCyclomaticComplexity="1" minCyclomaticComplexity="1" visitedClasses="0" numClasses="0" visitedMethods="1" numMethods="1" />
              <MetadataToken>100663317</MetadataToken>
              <Name>System.Int32 compiler.frontend.Lexer::get_Id()</Name>
              <FileRef uid="7" />
              <SequencePoints>
                <SequencePoint vc="5" uspid="101" ordinal="0" offset="0" sl="39" sc="25" el="39" ec="29" bec="0" bev="0" fileid="7" />
              </SequencePoints>
              <BranchPoints />
              <MethodPoint xsi:type="SequencePoint" vc="5" uspid="101" ordinal="0" offset="0" sl="39" sc="25" el="39" ec="29" bec="0" bev="0" fileid="7" />
            </Method>
            <Method visited="true" cyclomaticComplexity="1" nPathComplexity="0" sequenceCoverage="100" branchCoverage="100" isConstructor="false" isStatic="false" isGetter="false" isSetter="true">
              <Summary numSequencePoints="1" visitedSequencePoints="1" numBranchPoints="1" visitedBranchPoints="1" sequenceCoverage="100" branchCoverage="100" maxCyclomaticComplexity="1" minCyclomaticComplexity="1" visitedClasses="0" numClasses="0" visitedMethods="1" numMethods="1" />
              <MetadataToken>100663318</MetadataToken>
              <Name>System.Void compiler.frontend.Lexer::set_Id(System.Int32)</Name>
              <FileRef uid="7" />
              <SequencePoints>
                <SequencePoint vc="12" uspid="102" ordinal="0" offset="0" sl="39" sc="30" el="39" ec="34" bec="0" bev="0" fileid="7" />
              </SequencePoints>
              <BranchPoints />
              <MethodPoint xsi:type="SequencePoint" vc="12" uspid="102" ordinal="0" offset="0" sl="39" sc="30" el="39" ec="34" bec="0" bev="0" fileid="7" />
            </Method>
            <Method visited="false" cyclomaticComplexity="1" nPathComplexity="0" sequenceCoverage="0" branchCoverage="0" isConstructor="false" isStatic="false" isGetter="true" isSetter="false">
              <Summary numSequencePoints="1" visitedSequencePoints="0" numBranchPoints="1" visitedBranchPoints="0" sequenceCoverage="0" branchCoverage="0" maxCyclomaticComplexity="1" minCyclomaticComplexity="1" visitedClasses="0" numClasses="0" visitedMethods="0" numMethods="1" />
              <MetadataToken>100663320</MetadataToken>
              <Name>System.Int32 compiler.frontend.Lexer::get_LineNo()</Name>
              <FileRef uid="7" />
              <SequencePoints>
                <SequencePoint vc="0" uspid="103" ordinal="0" offset="0" sl="45" sc="16" el="45" ec="20" bec="0" bev="0" fileid="7" />
              </SequencePoints>
              <BranchPoints />
              <MethodPoint xsi:type="SequencePoint" vc="0" uspid="103" ordinal="0" offset="0" sl="45" sc="16" el="45" ec="20" bec="0" bev="0" fileid="7" />
            </Method>
            <Method visited="true" cyclomaticComplexity="1" nPathComplexity="0" sequenceCoverage="100" branchCoverage="100" isConstructor="false" isStatic="false" isGetter="false" isSetter="true">
              <Summary numSequencePoints="1" visitedSequencePoints="1" numBranchPoints="1" visitedBranchPoints="1" sequenceCoverage="100" branchCoverage="100" maxCyclomaticComplexity="1" minCyclomaticComplexity="1" visitedClasses="0" numClasses="0" visitedMethods="1" numMethods="1" />
              <MetadataToken>100663319</MetadataToken>
              <Name>System.Void compiler.frontend.Lexer::set_LineNo(System.Int32)</Name>
              <FileRef uid="7" />
              <SequencePoints>
                <SequencePoint vc="2" uspid="104" ordinal="0" offset="0" sl="45" sc="11" el="45" ec="15" bec="0" bev="0" fileid="7" />
              </SequencePoints>
              <BranchPoints />
              <MethodPoint xsi:type="SequencePoint" vc="2" uspid="104" ordinal="0" offset="0" sl="45" sc="11" el="45" ec="15" bec="0" bev="0" fileid="7" />
            </Method>
            <Method visited="false" cyclomaticComplexity="1" nPathComplexity="0" sequenceCoverage="0" branchCoverage="0" isConstructor="false" isStatic="false" isGetter="true" isSetter="false">
              <Summary numSequencePoints="1" visitedSequencePoints="0" numBranchPoints="1" visitedBranchPoints="0" sequenceCoverage="0" branchCoverage="0" maxCyclomaticComplexity="1" minCyclomaticComplexity="1" visitedClasses="0" numClasses="0" visitedMethods="0" numMethods="1" />
              <MetadataToken>100663322</MetadataToken>
              <Name>System.Int32 compiler.frontend.Lexer::get_Position()</Name>
              <FileRef uid="7" />
              <SequencePoints>
                <SequencePoint vc="0" uspid="105" ordinal="0" offset="0" sl="51" sc="16" el="51" ec="20" bec="0" bev="0" fileid="7" />
              </SequencePoints>
              <BranchPoints />
              <MethodPoint xsi:type="SequencePoint" vc="0" uspid="105" ordinal="0" offset="0" sl="51" sc="16" el="51" ec="20" bec="0" bev="0" fileid="7" />
            </Method>
            <Method visited="false" cyclomaticComplexity="1" nPathComplexity="0" sequenceCoverage="0" branchCoverage="0" isConstructor="false" isStatic="false" isGetter="false" isSetter="true">
              <Summary numSequencePoints="1" visitedSequencePoints="0" numBranchPoints="1" visitedBranchPoints="0" sequenceCoverage="0" branchCoverage="0" maxCyclomaticComplexity="1" minCyclomaticComplexity="1" visitedClasses="0" numClasses="0" visitedMethods="0" numMethods="1" />
              <MetadataToken>100663321</MetadataToken>
              <Name>System.Void compiler.frontend.Lexer::set_Position(System.Int32)</Name>
              <FileRef uid="7" />
              <SequencePoints>
                <SequencePoint vc="0" uspid="106" ordinal="0" offset="0" sl="51" sc="11" el="51" ec="15" bec="0" bev="0" fileid="7" />
              </SequencePoints>
              <BranchPoints />
              <MethodPoint xsi:type="SequencePoint" vc="0" uspid="106" ordinal="0" offset="0" sl="51" sc="11" el="51" ec="15" bec="0" bev="0" fileid="7" />
            </Method>
            <Method visited="true" cyclomaticComplexity="1" nPathComplexity="0" sequenceCoverage="100" branchCoverage="100" isConstructor="true" isStatic="false" isGetter="false" isSetter="false">
              <Summary numSequencePoints="13" visitedSequencePoints="13" numBranchPoints="1" visitedBranchPoints="1" sequenceCoverage="100" branchCoverage="100" maxCyclomaticComplexity="1" minCyclomaticComplexity="1" visitedClasses="0" numClasses="0" visitedMethods="1" numMethods="1" />
              <MetadataToken>100663323</MetadataToken>
              <Name>System.Void compiler.frontend.Lexer::.ctor(System.String)</Name>
              <FileRef uid="7" />
              <SequencePoints>
                <SequencePoint vc="3" uspid="107" ordinal="0" offset="0" sl="57" sc="9" el="57" ec="38" bec="0" bev="0" fileid="7" />
                <SequencePoint vc="3" uspid="108" ordinal="1" offset="7" sl="58" sc="9" el="58" ec="10" bec="0" bev="0" fileid="7" />
                <SequencePoint vc="3" uspid="109" ordinal="2" offset="8" sl="60" sc="13" el="60" ec="14" bec="0" bev="0" fileid="7" />
                <SequencePoint vc="3" uspid="110" ordinal="3" offset="9" sl="61" sc="17" el="61" ec="49" bec="0" bev="0" fileid="7" />
                <SequencePoint vc="2" uspid="111" ordinal="4" offset="22" sl="62" sc="13" el="62" ec="14" bec="0" bev="0" fileid="7" />
                <SequencePoint vc="1" uspid="112" ordinal="5" offset="25" sl="63" sc="13" el="63" ec="44" bec="0" bev="0" fileid="7" />
                <SequencePoint vc="1" uspid="113" ordinal="6" offset="26" sl="64" sc="13" el="64" ec="14" bec="0" bev="0" fileid="7" />
                <SequencePoint vc="1" uspid="114" ordinal="7" offset="27" sl="65" sc="17" el="65" ec="46" bec="0" bev="0" fileid="7" />
                <SequencePoint vc="1" uspid="115" ordinal="8" offset="39" sl="66" sc="17" el="66" ec="23" bec="0" bev="0" fileid="7" />
                <SequencePoint vc="2" uspid="116" ordinal="9" offset="41" sl="69" sc="13" el="69" ec="44" bec="0" bev="0" fileid="7" />
                <SequencePoint vc="2" uspid="117" ordinal="10" offset="52" sl="70" sc="13" el="70" ec="20" bec="0" bev="0" fileid="7" />
                <SequencePoint vc="2" uspid="118" ordinal="11" offset="59" sl="71" sc="13" el="71" ec="24" bec="0" bev="0" fileid="7" />
                <SequencePoint vc="2" uspid="119" ordinal="12" offset="67" sl="73" sc="9" el="73" ec="10" bec="0" bev="0" fileid="7" />
              </SequencePoints>
              <BranchPoints />
              <MethodPoint xsi:type="SequencePoint" vc="3" uspid="107" ordinal="0" offset="0" sl="57" sc="9" el="57" ec="38" bec="0" bev="0" fileid="7" />
            </Method>
            <Method visited="true" cyclomaticComplexity="2" nPathComplexity="2" sequenceCoverage="100" branchCoverage="100" isConstructor="false" isStatic="false" isGetter="false" isSetter="false">
              <Summary numSequencePoints="9" visitedSequencePoints="9" numBranchPoints="3" visitedBranchPoints="3" sequenceCoverage="100" branchCoverage="100" maxCyclomaticComplexity="2" minCyclomaticComplexity="2" visitedClasses="0" numClasses="0" visitedMethods="1" numMethods="1" />
              <MetadataToken>100663324</MetadataToken>
              <Name>System.Void compiler.frontend.Lexer::Finalize()</Name>
              <FileRef uid="7" />
              <SequencePoints>
                <SequencePoint vc="3" uspid="120" ordinal="0" offset="0" sl="76" sc="9" el="76" ec="10" bec="0" bev="0" fileid="7" />
                <SequencePoint vc="3" uspid="121" ordinal="1" offset="1" sl="76" sc="9" el="76" ec="10" bec="0" bev="0" fileid="7" />
                <SequencePoint vc="3" uspid="122" ordinal="2" offset="2" sl="78" sc="13" el="78" ec="28" bec="2" bev="2" fileid="7" />
                <SequencePoint vc="2" uspid="123" ordinal="3" offset="15" sl="79" sc="13" el="79" ec="14" bec="0" bev="0" fileid="7" />
                <SequencePoint vc="2" uspid="124" ordinal="4" offset="16" sl="80" sc="17" el="80" ec="28" bec="0" bev="0" fileid="7" />
                <SequencePoint vc="2" uspid="125" ordinal="5" offset="28" sl="81" sc="17" el="81" ec="27" bec="0" bev="0" fileid="7" />
                <SequencePoint vc="2" uspid="126" ordinal="6" offset="36" sl="82" sc="13" el="82" ec="14" bec="0" bev="0" fileid="7" />
                <SequencePoint vc="3" uspid="127" ordinal="7" offset="39" sl="83" sc="9" el="83" ec="10" bec="0" bev="0" fileid="7" />
                <SequencePoint vc="3" uspid="128" ordinal="8" offset="47" sl="83" sc="9" el="83" ec="10" bec="0" bev="0" fileid="7" />
              </SequencePoints>
              <BranchPoints>
                <BranchPoint vc="2" uspid="129" ordinal="0" offset="13" sl="78" path="0" offsetend="15" fileid="7" />
                <BranchPoint vc="1" uspid="130" ordinal="1" offset="13" sl="78" path="1" offsetend="37" fileid="7" />
              </BranchPoints>
              <MethodPoint xsi:type="SequencePoint" vc="3" uspid="120" ordinal="0" offset="0" sl="76" sc="9" el="76" ec="10" bec="0" bev="0" fileid="7" />
            </Method>
            <Method visited="true" cyclomaticComplexity="2" nPathComplexity="2" sequenceCoverage="100" branchCoverage="100" isConstructor="false" isStatic="false" isGetter="false" isSetter="false">
              <Summary numSequencePoints="7" visitedSequencePoints="7" numBranchPoints="3" visitedBranchPoints="3" sequenceCoverage="100" branchCoverage="100" maxCyclomaticComplexity="2" minCyclomaticComplexity="2" visitedClasses="0" numClasses="0" visitedMethods="1" numMethods="1" />
              <MetadataToken>100663325</MetadataToken>
              <Name>System.Char compiler.frontend.Lexer::next()</Name>
              <FileRef uid="7" />
              <SequencePoints>
                <SequencePoint vc="124" uspid="131" ordinal="0" offset="0" sl="86" sc="9" el="86" ec="10" bec="0" bev="0" fileid="7" />
                <SequencePoint vc="124" uspid="132" ordinal="1" offset="1" sl="87" sc="13" el="87" ec="33" bec="2" bev="2" fileid="7" />
                <SequencePoint vc="1" uspid="133" ordinal="2" offset="19" sl="88" sc="13" el="88" ec="14" bec="0" bev="0" fileid="7" />
                <SequencePoint vc="1" uspid="134" ordinal="3" offset="20" sl="89" sc="17" el="89" ec="92" bec="0" bev="0" fileid="7" />
                <SequencePoint vc="123" uspid="135" ordinal="4" offset="31" sl="91" sc="13" el="91" ec="33" bec="0" bev="0" fileid="7" />
                <SequencePoint vc="123" uspid="136" ordinal="5" offset="50" sl="92" sc="13" el="92" ec="22" bec="0" bev="0" fileid="7" />
                <SequencePoint vc="123" uspid="137" ordinal="6" offset="59" sl="93" sc="9" el="93" ec="10" bec="0" bev="0" fileid="7" />
              </SequencePoints>
              <BranchPoints>
                <BranchPoint vc="1" uspid="138" ordinal="0" offset="17" sl="87" path="0" offsetend="19" fileid="7" />
                <BranchPoint vc="123" uspid="139" ordinal="1" offset="17" sl="87" path="1" offsetend="31" fileid="7" />
              </BranchPoints>
              <MethodPoint xsi:type="SequencePoint" vc="124" uspid="131" ordinal="0" offset="0" sl="86" sc="9" el="86" ec="10" bec="0" bev="0" fileid="7" />
            </Method>
            <Method visited="true" cyclomaticComplexity="4" nPathComplexity="8" sequenceCoverage="92.31" branchCoverage="85.71" isConstructor="false" isStatic="false" isGetter="false" isSetter="false">
              <Summary numSequencePoints="13" visitedSequencePoints="12" numBranchPoints="7" visitedBranchPoints="6" sequenceCoverage="92.31" branchCoverage="85.71" maxCyclomaticComplexity="4" minCyclomaticComplexity="4" visitedClasses="0" numClasses="0" visitedMethods="1" numMethods="1" />
              <MetadataToken>100663326</MetadataToken>
              <Name>compiler.frontend.Token compiler.frontend.Lexer::getNextToken()</Name>
              <FileRef uid="7" />
              <SequencePoints>
                <SequencePoint vc="27" uspid="140" ordinal="0" offset="0" sl="97" sc="9" el="97" ec="10" bec="0" bev="0" fileid="7" />
                <SequencePoint vc="27" uspid="141" ordinal="1" offset="1" sl="98" sc="13" el="98" ec="29" bec="0" bev="0" fileid="7" />
                <SequencePoint vc="27" uspid="142" ordinal="2" offset="8" sl="100" sc="13" el="100" ec="33" bec="2" bev="2" fileid="7" />
                <SequencePoint vc="2" uspid="143" ordinal="3" offset="23" sl="101" sc="13" el="101" ec="14" bec="0" bev="0" fileid="7" />
                <SequencePoint vc="2" uspid="144" ordinal="4" offset="24" sl="102" sc="17" el="102" ec="33" bec="0" bev="0" fileid="7" />
                <SequencePoint vc="25" uspid="145" ordinal="5" offset="33" sl="104" sc="18" el="104" ec="39" bec="2" bev="2" fileid="7" />
                <SequencePoint vc="12" uspid="146" ordinal="6" offset="48" sl="105" sc="13" el="105" ec="14" bec="0" bev="0" fileid="7" />
                <SequencePoint vc="12" uspid="147" ordinal="7" offset="49" sl="106" sc="17" el="106" ec="33" bec="0" bev="0" fileid="7" />
                <SequencePoint vc="13" uspid="148" ordinal="8" offset="58" sl="108" sc="18" el="108" ec="44" bec="2" bev="1" fileid="7" />
                <SequencePoint vc="13" uspid="149" ordinal="9" offset="76" sl="109" sc="13" el="109" ec="14" bec="0" bev="0" fileid="7" />
                <SequencePoint vc="13" uspid="150" ordinal="10" offset="77" sl="110" sc="17" el="110" ec="38" bec="0" bev="0" fileid="7" />
                <SequencePoint vc="0" uspid="151" ordinal="11" offset="86" sl="113" sc="13" el="113" ec="70" bec="0" bev="0" fileid="7" />
                <SequencePoint vc="27" uspid="152" ordinal="12" offset="97" sl="114" sc="9" el="114" ec="10" bec="0" bev="0" fileid="7" />
              </SequencePoints>
              <BranchPoints>
                <BranchPoint vc="2" uspid="153" ordinal="0" offset="21" sl="100" path="0" offsetend="23" fileid="7" />
                <BranchPoint vc="25" uspid="154" ordinal="1" offset="21" sl="100" path="1" offsetend="33" fileid="7" />
                <BranchPoint vc="12" uspid="155" ordinal="2" offset="46" sl="104" path="0" offsetend="48" fileid="7" />
                <BranchPoint vc="13" uspid="156" ordinal="3" offset="46" sl="104" path="1" offsetend="58" fileid="7" />
                <BranchPoint vc="13" uspid="157" ordinal="4" offset="74" sl="108" path="0" offsetend="76" fileid="7" />
                <BranchPoint vc="0" uspid="158" ordinal="5" offset="74" sl="108" path="1" offsetend="86" fileid="7" />
              </BranchPoints>
              <MethodPoint xsi:type="SequencePoint" vc="27" uspid="140" ordinal="0" offset="0" sl="97" sc="9" el="97" ec="10" bec="0" bev="0" fileid="7" />
            </Method>
            <Method visited="true" cyclomaticComplexity="2" nPathComplexity="2" sequenceCoverage="100" branchCoverage="100" isConstructor="false" isStatic="false" isGetter="false" isSetter="false">
              <Summary numSequencePoints="10" visitedSequencePoints="10" numBranchPoints="3" visitedBranchPoints="3" sequenceCoverage="100" branchCoverage="100" maxCyclomaticComplexity="2" minCyclomaticComplexity="2" visitedClasses="0" numClasses="0" visitedMethods="1" numMethods="1" />
              <MetadataToken>100663327</MetadataToken>
              <Name>compiler.frontend.Token compiler.frontend.Lexer::number()</Name>
              <FileRef uid="7" />
              <SequencePoints>
                <SequencePoint vc="2" uspid="159" ordinal="0" offset="0" sl="117" sc="9" el="117" ec="10" bec="0" bev="0" fileid="7" />
                <SequencePoint vc="2" uspid="160" ordinal="1" offset="1" sl="118" sc="13" el="118" ec="37" bec="0" bev="0" fileid="7" />
                <SequencePoint vc="3" uspid="161" ordinal="2" offset="9" sl="121" sc="13" el="121" ec="14" bec="0" bev="0" fileid="7" />
                <SequencePoint vc="3" uspid="162" ordinal="3" offset="10" sl="122" sc="17" el="122" ec="24" bec="0" bev="0" fileid="7" />
                <SequencePoint vc="3" uspid="163" ordinal="4" offset="31" sl="123" sc="17" el="123" ec="24" bec="0" bev="0" fileid="7" />
                <SequencePoint vc="3" uspid="164" ordinal="5" offset="38" sl="124" sc="13" el="124" ec="14" bec="0" bev="0" fileid="7" />
                <SequencePoint vc="5" uspid="165" ordinal="6" offset="39" sl="120" sc="13" el="120" ec="36" bec="2" bev="2" fileid="7" />
                <SequencePoint vc="2" uspid="166" ordinal="7" offset="54" sl="126" sc="13" el="126" ec="32" bec="0" bev="0" fileid="7" />
                <SequencePoint vc="2" uspid="167" ordinal="8" offset="67" sl="127" sc="13" el="127" ec="33" bec="0" bev="0" fileid="7" />
                <SequencePoint vc="2" uspid="168" ordinal="9" offset="72" sl="128" sc="9" el="128" ec="10" bec="0" bev="0" fileid="7" />
              </SequencePoints>
              <BranchPoints>
                <BranchPoint vc="2" uspid="169" ordinal="0" offset="52" sl="120" path="0" offsetend="54" fileid="7" />
                <BranchPoint vc="3" uspid="170" ordinal="1" offset="52" sl="120" path="1" offsetend="9" fileid="7" />
              </BranchPoints>
              <MethodPoint xsi:type="SequencePoint" vc="2" uspid="159" ordinal="0" offset="0" sl="117" sc="9" el="117" ec="10" bec="0" bev="0" fileid="7" />
            </Method>
            <Method visited="true" cyclomaticComplexity="31" nPathComplexity="327680" sequenceCoverage="44.44" branchCoverage="41.30" isConstructor="false" isStatic="false" isGetter="false" isSetter="false">
              <Summary numSequencePoints="72" visitedSequencePoints="32" numBranchPoints="46" visitedBranchPoints="19" sequenceCoverage="44.44" branchCoverage="41.30" maxCyclomaticComplexity="31" minCyclomaticComplexity="31" visitedClasses="0" numClasses="0" visitedMethods="1" numMethods="1" />
              <MetadataToken>100663328</MetadataToken>
              <Name>compiler.frontend.Token compiler.frontend.Lexer::punctuation()</Name>
              <FileRef uid="7" />
              <SequencePoints>
                <SequencePoint vc="13" uspid="171" ordinal="0" offset="0" sl="131" sc="9" el="131" ec="10" bec="0" bev="0" fileid="7" />
                <SequencePoint vc="13" uspid="172" ordinal="1" offset="1" sl="133" sc="13" el="133" ec="23" bec="23" bev="13" fileid="7" />
                <SequencePoint vc="0" uspid="173" ordinal="2" offset="157" sl="136" sc="21" el="136" ec="28" bec="0" bev="0" fileid="7" />
                <SequencePoint vc="0" uspid="174" ordinal="3" offset="164" sl="137" sc="21" el="137" ec="34" bec="2" bev="0" fileid="7" />
                <SequencePoint vc="0" uspid="175" ordinal="4" offset="181" sl="138" sc="21" el="138" ec="22" bec="0" bev="0" fileid="7" />
                <SequencePoint vc="0" uspid="176" ordinal="5" offset="182" sl="139" sc="25" el="140" ec="87" bec="0" bev="0" fileid="7" />
                <SequencePoint vc="0" uspid="177" ordinal="6" offset="193" sl="142" sc="21" el="142" ec="28" bec="0" bev="0" fileid="7" />
                <SequencePoint vc="0" uspid="178" ordinal="7" offset="200" sl="143" sc="21" el="143" ec="40" bec="0" bev="0" fileid="7" />
                <SequencePoint vc="0" uspid="179" ordinal="8" offset="207" sl="146" sc="21" el="146" ec="28" bec="0" bev="0" fileid="7" />
                <SequencePoint vc="0" uspid="180" ordinal="9" offset="214" sl="147" sc="21" el="147" ec="34" bec="2" bev="0" fileid="7" />
                <SequencePoint vc="0" uspid="181" ordinal="10" offset="231" sl="148" sc="21" el="148" ec="22" bec="0" bev="0" fileid="7" />
                <SequencePoint vc="0" uspid="182" ordinal="11" offset="232" sl="149" sc="25" el="150" ec="87" bec="0" bev="0" fileid="7" />
                <SequencePoint vc="0" uspid="183" ordinal="12" offset="243" sl="152" sc="21" el="152" ec="28" bec="0" bev="0" fileid="7" />
                <SequencePoint vc="0" uspid="184" ordinal="13" offset="250" sl="153" sc="21" el="153" ec="44" bec="0" bev="0" fileid="7" />
                <SequencePoint vc="2" uspid="185" ordinal="14" offset="257" sl="156" sc="21" el="156" ec="28" bec="0" bev="0" fileid="7" />
                <SequencePoint vc="2" uspid="186" ordinal="15" offset="264" sl="157" sc="21" el="157" ec="34" bec="2" bev="1" fileid="7" />
                <SequencePoint vc="0" uspid="187" ordinal="16" offset="280" sl="158" sc="21" el="158" ec="22" bec="0" bev="0" fileid="7" />
                <SequencePoint vc="0" uspid="188" ordinal="17" offset="281" sl="159" sc="25" el="159" ec="32" bec="0" bev="0" fileid="7" />
                <SequencePoint vc="0" uspid="189" ordinal="18" offset="288" sl="160" sc="25" el="160" ec="46" bec="0" bev="0" fileid="7" />
                <SequencePoint vc="2" uspid="190" ordinal="19" offset="295" sl="162" sc="26" el="162" ec="39" bec="2" bev="1" fileid="7" />
                <SequencePoint vc="2" uspid="191" ordinal="20" offset="311" sl="163" sc="21" el="163" ec="22" bec="0" bev="0" fileid="7" />
                <SequencePoint vc="2" uspid="192" ordinal="21" offset="312" sl="164" sc="25" el="164" ec="32" bec="0" bev="0" fileid="7" />
                <SequencePoint vc="2" uspid="193" ordinal="22" offset="319" sl="165" sc="25" el="165" ec="45" bec="0" bev="0" fileid="7" />
                <SequencePoint vc="0" uspid="194" ordinal="23" offset="327" sl="168" sc="21" el="168" ec="22" bec="0" bev="0" fileid="7" />
                <SequencePoint vc="0" uspid="195" ordinal="24" offset="328" sl="169" sc="25" el="169" ec="43" bec="0" bev="0" fileid="7" />
                <SequencePoint vc="0" uspid="196" ordinal="25" offset="335" sl="173" sc="21" el="173" ec="28" bec="0" bev="0" fileid="7" />
                <SequencePoint vc="0" uspid="197" ordinal="26" offset="342" sl="174" sc="21" el="174" ec="34" bec="2" bev="0" fileid="7" />
                <SequencePoint vc="0" uspid="198" ordinal="27" offset="358" sl="175" sc="21" el="175" ec="22" bec="0" bev="0" fileid="7" />
                <SequencePoint vc="0" uspid="199" ordinal="28" offset="359" sl="176" sc="25" el="176" ec="32" bec="0" bev="0" fileid="7" />
                <SequencePoint vc="0" uspid="200" ordinal="29" offset="366" sl="177" sc="25" el="177" ec="49" bec="0" bev="0" fileid="7" />
                <SequencePoint vc="0" uspid="201" ordinal="30" offset="374" sl="180" sc="21" el="180" ec="22" bec="0" bev="0" fileid="7" />
                <SequencePoint vc="0" uspid="202" ordinal="31" offset="375" sl="181" sc="25" el="181" ec="46" bec="0" bev="0" fileid="7" />
                <SequencePoint vc="0" uspid="203" ordinal="32" offset="383" sl="186" sc="21" el="186" ec="28" bec="0" bev="0" fileid="7" />
                <SequencePoint vc="0" uspid="204" ordinal="33" offset="390" sl="187" sc="21" el="187" ec="39" bec="0" bev="0" fileid="7" />
                <SequencePoint vc="0" uspid="205" ordinal="34" offset="397" sl="189" sc="21" el="189" ec="28" bec="0" bev="0" fileid="7" />
                <SequencePoint vc="0" uspid="206" ordinal="35" offset="404" sl="190" sc="21" el="190" ec="40" bec="0" bev="0" fileid="7" />
                <SequencePoint vc="1" uspid="207" ordinal="36" offset="411" sl="192" sc="21" el="192" ec="28" bec="0" bev="0" fileid="7" />
                <SequencePoint vc="1" uspid="208" ordinal="37" offset="418" sl="193" sc="21" el="193" ec="40" bec="0" bev="0" fileid="7" />
                <SequencePoint vc="1" uspid="209" ordinal="38" offset="425" sl="195" sc="21" el="195" ec="28" bec="0" bev="0" fileid="7" />
                <SequencePoint vc="1" uspid="210" ordinal="39" offset="432" sl="196" sc="21" el="196" ec="34" bec="2" bev="1" fileid="7" />
                <SequencePoint vc="1" uspid="211" ordinal="40" offset="448" sl="197" sc="21" el="197" ec="22" bec="0" bev="0" fileid="7" />
                <SequencePoint vc="20" uspid="212" ordinal="41" offset="451" sl="199" sc="25" el="199" ec="26" bec="0" bev="0" fileid="7" />
                <SequencePoint vc="20" uspid="213" ordinal="42" offset="452" sl="200" sc="29" el="200" ec="36" bec="0" bev="0" fileid="7" />
                <SequencePoint vc="20" uspid="214" ordinal="43" offset="459" sl="201" sc="25" el="201" ec="26" bec="0" bev="0" fileid="7" />
                <SequencePoint vc="21" uspid="215" ordinal="44" offset="460" sl="198" sc="25" el="198" ec="42" bec="2" bev="2" fileid="7" />
                <SequencePoint vc="1" uspid="216" ordinal="45" offset="479" sl="202" sc="25" el="202" ec="46" bec="0" bev="0" fileid="7" />
                <SequencePoint vc="0" uspid="217" ordinal="46" offset="487" sl="204" sc="21" el="204" ec="41" bec="0" bev="0" fileid="7" />
                <SequencePoint vc="0" uspid="218" ordinal="47" offset="494" sl="206" sc="21" el="206" ec="28" bec="0" bev="0" fileid="7" />
                <SequencePoint vc="0" uspid="219" ordinal="48" offset="503" sl="208" sc="21" el="208" ec="22" bec="0" bev="0" fileid="7" />
                <SequencePoint vc="0" uspid="220" ordinal="49" offset="504" sl="209" sc="25" el="209" ec="32" bec="0" bev="0" fileid="7" />
                <SequencePoint vc="0" uspid="221" ordinal="50" offset="511" sl="210" sc="21" el="210" ec="22" bec="0" bev="0" fileid="7" />
                <SequencePoint vc="0" uspid="222" ordinal="51" offset="512" sl="207" sc="21" el="207" ec="38" bec="2" bev="0" fileid="7" />
                <SequencePoint vc="0" uspid="223" ordinal="52" offset="531" sl="211" sc="21" el="211" ec="42" bec="0" bev="0" fileid="7" />
                <SequencePoint vc="1" uspid="224" ordinal="53" offset="536" sl="214" sc="21" el="214" ec="28" bec="0" bev="0" fileid="7" />
[...]
                <SequencePoint vc="0" uspid="353" ordinal="27" offset="442" sl="116" sc="21" el="116" ec="36" bec="0" bev="0" fileid="8" />
                <SequencePoint vc="0" uspid="354" ordinal="28" offset="450" sl="118" sc="21" el="118" ec="33" bec="0" bev="0" fileid="8" />
                <SequencePoint vc="0" uspid="355" ordinal="29" offset="458" sl="120" sc="21" el="120" ec="33" bec="0" bev="0" fileid="8" />
                <SequencePoint vc="0" uspid="356" ordinal="30" offset="466" sl="123" sc="21" el="123" ec="37" bec="0" bev="0" fileid="8" />
                <SequencePoint vc="0" uspid="357" ordinal="31" offset="474" sl="126" sc="21" el="126" ec="35" bec="0" bev="0" fileid="8" />
                <SequencePoint vc="0" uspid="358" ordinal="32" offset="482" sl="128" sc="21" el="128" ec="34" bec="0" bev="0" fileid="8" />
                <SequencePoint vc="0" uspid="359" ordinal="33" offset="490" sl="130" sc="21" el="130" ec="36" bec="0" bev="0" fileid="8" />
                <SequencePoint vc="0" uspid="360" ordinal="34" offset="498" sl="132" sc="21" el="132" ec="39" bec="0" bev="0" fileid="8" />
                <SequencePoint vc="0" uspid="361" ordinal="35" offset="506" sl="134" sc="21" el="134" ec="40" bec="0" bev="0" fileid="8" />
                <SequencePoint vc="0" uspid="362" ordinal="36" offset="514" sl="136" sc="21" el="136" ec="34" bec="0" bev="0" fileid="8" />
                <SequencePoint vc="0" uspid="363" ordinal="37" offset="522" sl="138" sc="21" el="138" ec="37" bec="0" bev="0" fileid="8" />
                <SequencePoint vc="0" uspid="364" ordinal="38" offset="530" sl="140" sc="21" el="140" ec="41" bec="0" bev="0" fileid="8" />
                <SequencePoint vc="0" uspid="365" ordinal="39" offset="538" sl="142" sc="21" el="142" ec="38" bec="0" bev="0" fileid="8" />
                <SequencePoint vc="0" uspid="366" ordinal="40" offset="546" sl="144" sc="21" el="144" ec="38" bec="0" bev="0" fileid="8" />
                <SequencePoint vc="0" uspid="367" ordinal="41" offset="554" sl="146" sc="21" el="146" ec="36" bec="0" bev="0" fileid="8" />
                <SequencePoint vc="0" uspid="368" ordinal="42" offset="562" sl="149" sc="9" el="149" ec="10" bec="0" bev="0" fileid="8" />
              </SequencePoints>
              <BranchPoints>
                <BranchPoint vc="0" uspid="369" ordinal="0" offset="4" sl="54" path="0" offsetchain="165" offsetend="554" fileid="8" />
                <BranchPoint vc="0" uspid="370" ordinal="1" offset="4" sl="54" path="1" offsetend="538" fileid="8" />
                <BranchPoint vc="0" uspid="371" ordinal="2" offset="4" sl="54" path="2" offsetend="170" fileid="8" />
                <BranchPoint vc="0" uspid="372" ordinal="3" offset="4" sl="54" path="3" offsetend="181" fileid="8" />
                <BranchPoint vc="0" uspid="373" ordinal="4" offset="4" sl="54" path="4" offsetend="192" fileid="8" />
                <BranchPoint vc="0" uspid="374" ordinal="5" offset="4" sl="54" path="5" offsetend="203" fileid="8" />
                <BranchPoint vc="0" uspid="375" ordinal="6" offset="4" sl="54" path="6" offsetend="214" fileid="8" />
                <BranchPoint vc="0" uspid="376" ordinal="7" offset="4" sl="54" path="7" offsetend="225" fileid="8" />
                <BranchPoint vc="0" uspid="377" ordinal="8" offset="4" sl="54" path="8" offsetend="236" fileid="8" />
                <BranchPoint vc="0" uspid="378" ordinal="9" offset="4" sl="54" path="9" offsetend="247" fileid="8" />
                <BranchPoint vc="0" uspid="379" ordinal="10" offset="4" sl="54" path="10" offsetend="258" fileid="8" />
                <BranchPoint vc="0" uspid="380" ordinal="11" offset="4" sl="54" path="11" offsetend="269" fileid="8" />
                <BranchPoint vc="0" uspid="381" ordinal="12" offset="4" sl="54" path="12" offsetend="280" fileid="8" />
                <BranchPoint vc="0" uspid="382" ordinal="13" offset="4" sl="54" path="13" offsetend="291" fileid="8" />
                <BranchPoint vc="0" uspid="383" ordinal="14" offset="4" sl="54" path="14" offsetend="302" fileid="8" />
                <BranchPoint vc="0" uspid="384" ordinal="15" offset="4" sl="54" path="15" offsetend="313" fileid="8" />
                <BranchPoint vc="0" uspid="385" ordinal="16" offset="4" sl="54" path="16" offsetend="324" fileid="8" />
                <BranchPoint vc="0" uspid="386" ordinal="17" offset="4" sl="54" path="17" offsetend="335" fileid="8" />
                <BranchPoint vc="0" uspid="387" ordinal="18" offset="4" sl="54" path="18" offsetend="346" fileid="8" />
                <BranchPoint vc="0" uspid="388" ordinal="19" offset="4" sl="54" path="19" offsetend="357" fileid="8" />
                <BranchPoint vc="0" uspid="389" ordinal="20" offset="4" sl="54" path="20" offsetend="368" fileid="8" />
                <BranchPoint vc="0" uspid="390" ordinal="21" offset="4" sl="54" path="21" offsetend="379" fileid="8" />
                <BranchPoint vc="0" uspid="391" ordinal="22" offset="4" sl="54" path="22" offsetend="390" fileid="8" />
                <BranchPoint vc="0" uspid="392" ordinal="23" offset="4" sl="54" path="23" offsetend="401" fileid="8" />
                <BranchPoint vc="0" uspid="393" ordinal="24" offset="4" sl="54" path="24" offsetend="412" fileid="8" />
                <BranchPoint vc="0" uspid="394" ordinal="25" offset="4" sl="54" path="25" offsetend="423" fileid="8" />
                <BranchPoint vc="0" uspid="395" ordinal="26" offset="4" sl="54" path="26" offsetend="434" fileid="8" />
                <BranchPoint vc="0" uspid="396" ordinal="27" offset="4" sl="54" path="27" offsetend="442" fileid="8" />
                <BranchPoint vc="0" uspid="397" ordinal="28" offset="4" sl="54" path="28" offsetend="450" fileid="8" />
                <BranchPoint vc="0" uspid="398" ordinal="29" offset="4" sl="54" path="29" offsetend="458" fileid="8" />
                <BranchPoint vc="0" uspid="399" ordinal="30" offset="4" sl="54" path="30" offsetend="466" fileid="8" />
                <BranchPoint vc="0" uspid="400" ordinal="31" offset="4" sl="54" path="31" offsetend="474" fileid="8" />
                <BranchPoint vc="0" uspid="401" ordinal="32" offset="4" sl="54" path="32" offsetend="482" fileid="8" />
                <BranchPoint vc="0" uspid="402" ordinal="33" offset="4" sl="54" path="33" offsetend="490" fileid="8" />
                <BranchPoint vc="0" uspid="403" ordinal="34" offset="4" sl="54" path="34" offsetend="498" fileid="8" />
                <BranchPoint vc="0" uspid="404" ordinal="35" offset="4" sl="54" path="35" offsetend="506" fileid="8" />
                <BranchPoint vc="0" uspid="405" ordinal="36" offset="4" sl="54" path="36" offsetend="514" fileid="8" />
                <BranchPoint vc="0" uspid="406" ordinal="37" offset="4" sl="54" path="37" offsetend="546" fileid="8" />
                <BranchPoint vc="0" uspid="407" ordinal="38" offset="4" sl="54" path="38" offsetend="522" fileid="8" />
                <BranchPoint vc="0" uspid="408" ordinal="39" offset="4" sl="54" path="39" offsetend="530" fileid="8" />
              </BranchPoints>
              <MethodPoint xsi:type="SequencePoint" vc="0" uspid="326" ordinal="0" offset="0" sl="52" sc="9" el="52" ec="10" bec="0" bev="0" fileid="8" />
            </Method>
            <Method visited="false" cyclomaticComplexity="41" nPathComplexity="40" sequenceCoverage="0" branchCoverage="0" isConstructor="false" isStatic="true" isGetter="false" isSetter="false">
              <Summary numSequencePoints="43" visitedSequencePoints="0" numBranchPoints="41" visitedBranchPoints="0" sequenceCoverage="0" branchCoverage="0" maxCyclomaticComplexity="41" minCyclomaticComplexity="41" visitedClasses="0" numClasses="0" visitedMethods="0" numMethods="1" />
              <MetadataToken>100663333</MetadataToken>
              <Name>System.String compiler.frontend.TokenHelper::printToken(compiler.frontend.Token)</Name>
              <FileRef uid="8" />
              <SequencePoints>
                <SequencePoint vc="0" uspid="409" ordinal="0" offset="0" sl="157" sc="9" el="157" ec="10" bec="0" bev="0" fileid="8" />
                <SequencePoint vc="0" uspid="410" ordinal="1" offset="1" sl="159" sc="13" el="159" ec="23" bec="40" bev="0" fileid="8" />
                <SequencePoint vc="0" uspid="411" ordinal="2" offset="170" sl="162" sc="21" el="162" ec="35" bec="0" bev="0" fileid="8" />
                <SequencePoint vc="0" uspid="412" ordinal="3" offset="181" sl="164" sc="21" el="164" ec="36" bec="0" bev="0" fileid="8" />
                <SequencePoint vc="0" uspid="413" ordinal="4" offset="192" sl="166" sc="21" el="166" ec="36" bec="0" bev="0" fileid="8" />
                <SequencePoint vc="0" uspid="414" ordinal="5" offset="203" sl="168" sc="21" el="168" ec="37" bec="0" bev="0" fileid="8" />
                <SequencePoint vc="0" uspid="415" ordinal="6" offset="214" sl="172" sc="21" el="172" ec="36" bec="0" bev="0" fileid="8" />
                <SequencePoint vc="0" uspid="416" ordinal="7" offset="225" sl="174" sc="21" el="174" ec="40" bec="0" bev="0" fileid="8" />
                <SequencePoint vc="0" uspid="417" ordinal="8" offset="236" sl="176" sc="21" el="176" ec="35" bec="0" bev="0" fileid="8" />
                <SequencePoint vc="0" uspid="418" ordinal="9" offset="247" sl="178" sc="21" el="178" ec="38" bec="0" bev="0" fileid="8" />
                <SequencePoint vc="0" uspid="419" ordinal="10" offset="258" sl="180" sc="21" el="180" ec="38" bec="0" bev="0" fileid="8" />
                <SequencePoint vc="0" uspid="420" ordinal="11" offset="269" sl="182" sc="21" el="182" ec="41" bec="0" bev="0" fileid="8" />
                <SequencePoint vc="0" uspid="421" ordinal="12" offset="280" sl="186" sc="21" el="186" ec="37" bec="0" bev="0" fileid="8" />
                <SequencePoint vc="0" uspid="422" ordinal="13" offset="291" sl="188" sc="21" el="188" ec="41" bec="0" bev="0" fileid="8" />
                <SequencePoint vc="0" uspid="423" ordinal="14" offset="302" sl="190" sc="21" el="190" ec="36" bec="0" bev="0" fileid="8" />
                <SequencePoint vc="0" uspid="424" ordinal="15" offset="313" sl="194" sc="21" el="194" ec="41" bec="0" bev="0" fileid="8" />
                <SequencePoint vc="0" uspid="425" ordinal="16" offset="324" sl="196" sc="21" el="196" ec="42" bec="0" bev="0" fileid="8" />
                <SequencePoint vc="0" uspid="426" ordinal="17" offset="335" sl="198" sc="21" el="198" ec="43" bec="0" bev="0" fileid="8" />
                <SequencePoint vc="0" uspid="427" ordinal="18" offset="346" sl="200" sc="21" el="200" ec="44" bec="0" bev="0" fileid="8" />
                <SequencePoint vc="0" uspid="428" ordinal="19" offset="357" sl="202" sc="21" el="202" ec="40" bec="0" bev="0" fileid="8" />
                <SequencePoint vc="0" uspid="429" ordinal="20" offset="368" sl="204" sc="21" el="204" ec="41" bec="0" bev="0" fileid="8" />
                <SequencePoint vc="0" uspid="430" ordinal="21" offset="379" sl="208" sc="21" el="208" ec="34" bec="0" bev="0" fileid="8" />
                <SequencePoint vc="0" uspid="431" ordinal="22" offset="390" sl="210" sc="21" el="210" ec="35" bec="0" bev="0" fileid="8" />
                <SequencePoint vc="0" uspid="432" ordinal="23" offset="401" sl="213" sc="21" el="213" ec="33" bec="0" bev="0" fileid="8" />
                <SequencePoint vc="0" uspid="433" ordinal="24" offset="412" sl="215" sc="21" el="215" ec="35" bec="0" bev="0" fileid="8" />
                <SequencePoint vc="0" uspid="434" ordinal="25" offset="423" sl="217" sc="21" el="217" ec="35" bec="0" bev="0" fileid="8" />
                <SequencePoint vc="0" uspid="435" ordinal="26" offset="434" sl="219" sc="21" el="219" ec="33" bec="0" bev="0" fileid="8" />
                <SequencePoint vc="0" uspid="436" ordinal="27" offset="442" sl="221" sc="21" el="221" ec="36" bec="0" bev="0" fileid="8" />
                <SequencePoint vc="0" uspid="437" ordinal="28" offset="450" sl="223" sc="21" el="223" ec="33" bec="0" bev="0" fileid="8" />
                <SequencePoint vc="0" uspid="438" ordinal="29" offset="458" sl="225" sc="21" el="225" ec="33" bec="0" bev="0" fileid="8" />
                <SequencePoint vc="0" uspid="439" ordinal="30" offset="466" sl="228" sc="21" el="228" ec="37" bec="0" bev="0" fileid="8" />
                <SequencePoint vc="0" uspid="440" ordinal="31" offset="474" sl="231" sc="21" el="231" ec="35" bec="0" bev="0" fileid="8" />
                <SequencePoint vc="0" uspid="441" ordinal="32" offset="482" sl="233" sc="21" el="233" ec="34" bec="0" bev="0" fileid="8" />
                <SequencePoint vc="0" uspid="442" ordinal="33" offset="490" sl="235" sc="21" el="235" ec="36" bec="0" bev="0" fileid="8" />
                <SequencePoint vc="0" uspid="443" ordinal="34" offset="498" sl="237" sc="21" el="237" ec="39" bec="0" bev="0" fileid="8" />
                <SequencePoint vc="0" uspid="444" ordinal="35" offset="506" sl="239" sc="21" el="239" ec="40" bec="0" bev="0" fileid="8" />
                <SequencePoint vc="0" uspid="445" ordinal="36" offset="514" sl="241" sc="21" el="241" ec="34" bec="0" bev="0" fileid="8" />
                <SequencePoint vc="0" uspid="446" ordinal="37" offset="522" sl="243" sc="21" el="243" ec="37" bec="0" bev="0" fileid="8" />
                <SequencePoint vc="0" uspid="447" ordinal="38" offset="530" sl="245" sc="21" el="245" ec="41" bec="0" bev="0" fileid="8" />
                <SequencePoint vc="0" uspid="448" ordinal="39" offset="538" sl="247" sc="21" el="247" ec="38" bec="0" bev="0" fileid="8" />
                <SequencePoint vc="0" uspid="449" ordinal="40" offset="546" sl="249" sc="21" el="249" ec="38" bec="0" bev="0" fileid="8" />
                <SequencePoint vc="0" uspid="450" ordinal="41" offset="554" sl="251" sc="21" el="251" ec="36" bec="0" bev="0" fileid="8" />
                <SequencePoint vc="0" uspid="451" ordinal="42" offset="562" sl="254" sc="9" el="254" ec="10" bec="0" bev="0" fileid="8" />
              </SequencePoints>
              <BranchPoints>
                <BranchPoint vc="0" uspid="452" ordinal="0" offset="4" sl="159" path="0" offsetchain="165" offsetend="554" fileid="8" />
                <BranchPoint vc="0" uspid="453" ordinal="1" offset="4" sl="159" path="1" offsetend="538" fileid="8" />
                <BranchPoint vc="0" uspid="454" ordinal="2" offset="4" sl="159" path="2" offsetend="170" fileid="8" />
                <BranchPoint vc="0" uspid="455" ordinal="3" offset="4" sl="159" path="3" offsetend="181" fileid="8" />
                <BranchPoint vc="0" uspid="456" ordinal="4" offset="4" sl="159" path="4" offsetend="192" fileid="8" />
                <BranchPoint vc="0" uspid="457" ordinal="5" offset="4" sl="159" path="5" offsetend="203" fileid="8" />
                <BranchPoint vc="0" uspid="458" ordinal="6" offset="4" sl="159" path="6" offsetend="214" fileid="8" />
                <BranchPoint vc="0" uspid="459" ordinal="7" offset="4" sl="159" path="7" offsetend="225" fileid="8" />
                <BranchPoint vc="0" uspid="460" ordinal="8" offset="4" sl="159" path="8" offsetend="236" fileid="8" />
                <BranchPoint vc="0" uspid="461" ordinal="9" offset="4" sl="159" path="9" offsetend="247" fileid="8" />
                <BranchPoint vc="0" uspid="462" ordinal="10" offset="4" sl="159" path="10" offsetend="258" fileid="8" />
                <BranchPoint vc="0" uspid="463" ordinal="11" offset="4" sl="159" path="11" offsetend="269" fileid="8" />
                <BranchPoint vc="0" uspid="464" ordinal="12" offset="4" sl="159" path="12" offsetend="280" fileid="8" />
                <BranchPoint vc="0" uspid="465" ordinal="13" offset="4" sl="159" path="13" offsetend="291" fileid="8" />
                <BranchPoint vc="0" uspid="466" ordinal="14" offset="4" sl="159" path="14" offsetend="302" fileid="8" />
                <BranchPoint vc="0" uspid="467" ordinal="15" offset="4" sl="159" path="15" offsetend="313" fileid="8" />
                <BranchPoint vc="0" uspid="468" ordinal="16" offset="4" sl="159" path="16" offsetend="324" fileid="8" />
                <BranchPoint vc="0" uspid="469" ordinal="17" offset="4" sl="159" path="17" offsetend="335" fileid="8" />
                <BranchPoint vc="0" uspid="470" ordinal="18" offset="4" sl="159" path="18" offsetend="346" fileid="8" />
                <BranchPoint vc="0" uspid="471" ordinal="19" offset="4" sl="159" path="19" offsetend="357" fileid="8" />
                <BranchPoint vc="0" uspid="472" ordinal="20" offset="4" sl="159" path="20" offsetend="368" fileid="8" />
                <BranchPoint vc="0" uspid="473" ordinal="21" offset="4" sl="159" path="21" offsetend="379" fileid="8" />
                <BranchPoint vc="0" uspid="474" ordinal="22" offset="4" sl="159" path="22" offsetend="390" fileid="8" />
                <BranchPoint vc="0" uspid="475" ordinal="23" offset="4" sl="159" path="23" offsetend="401" fileid="8" />
                <BranchPoint vc="0" uspid="476" ordinal="24" offset="4" sl="159" path="24" offsetend="412" fileid="8" />
                <BranchPoint vc="0" uspid="477" ordinal="25" offset="4" sl="159" path="25" offsetend="423" fileid="8" />
                <BranchPoint vc="0" uspid="478" ordinal="26" offset="4" sl="159" path="26" offsetend="434" fileid="8" />
                <BranchPoint vc="0" uspid="479" ordinal="27" offset="4" sl="159" path="27" offsetend="442" fileid="8" />
                <BranchPoint vc="0" uspid="480" ordinal="28" offset="4" sl="159" path="28" offsetend="450" fileid="8" />
                <BranchPoint vc="0" uspid="481" ordinal="29" offset="4" sl="159" path="29" offsetend="458" fileid="8" />
                <BranchPoint vc="0" uspid="482" ordinal="30" offset="4" sl="159" path="30" offsetend="466" fileid="8" />
                <BranchPoint vc="0" uspid="483" ordinal="31" offset="4" sl="159" path="31" offsetend="474" fileid="8" />
                <BranchPoint vc="0" uspid="484" ordinal="32" offset="4" sl="159" path="32" offsetend="482" fileid="8" />
                <BranchPoint vc="0" uspid="485" ordinal="33" offset="4" sl="159" path="33" offsetend="490" fileid="8" />
                <BranchPoint vc="0" uspid="486" ordinal="34" offset="4" sl="159" path="34" offsetend="498" fileid="8" />
                <BranchPoint vc="0" uspid="487" ordinal="35" offset="4" sl="159" path="35" offsetend="506" fileid="8" />
                <BranchPoint vc="0" uspid="488" ordinal="36" offset="4" sl="159" path="36" offsetend="514" fileid="8" />
                <BranchPoint vc="0" uspid="489" ordinal="37" offset="4" sl="159" path="37" offsetend="546" fileid="8" />
                <BranchPoint vc="0" uspid="490" ordinal="38" offset="4" sl="159" path="38" offsetend="522" fileid="8" />
                <BranchPoint vc="0" uspid="491" ordinal="39" offset="4" sl="159" path="39" offsetend="530" fileid="8" />
              </BranchPoints>
              <MethodPoint xsi:type="SequencePoint" vc="0" uspid="409" ordinal="0" offset="0" sl="157" sc="9" el="157" ec="10" bec="0" bev="0" fileid="8" />
            </Method>
            <Method visited="false" cyclomaticComplexity="1" nPathComplexity="0" sequenceCoverage="0" branchCoverage="0" isConstructor="true" isStatic="false" isGetter="false" isSetter="false">
              <Summary numSequencePoints="0" visitedSequencePoints="0" numBranchPoints="0" visitedBranchPoints="0" sequenceCoverage="0" branchCoverage="0" maxCyclomaticComplexity="1" minCyclomaticComplexity="1" visitedClasses="0" numClasses="0" visitedMethods="0" numMethods="0" />
              <MetadataToken>100663334</MetadataToken>
              <Name>System.Void compiler.frontend.TokenHelper::.ctor()</Name>
              <SequencePoints />
              <BranchPoints />
              <MethodPoint vc="0" uspid="492" ordinal="0" offset="0" />
            </Method>
          </Methods>
        </Class>
      </Classes>
    </Module>
  </Modules>
</CoverageSession>